This is pdfTeX, Version 3.141592653-2.6-1.40.22 (TeX Live 2022/dev/Debian) (preloaded format=pdflatex 2023.7.10)  31 OCT 2023 23:41
entering extended mode
 restricted \write18 enabled.
 file:line:error style messages enabled.
 %&-line parsing enabled.
**/home/lbarbosa/Documents/Github/lstm-control-waam/tcc/thesis.tex
(/home/lbarbosa/Documents/Github/lstm-control-waam/tcc/thesis.tex
LaTeX2e <2021-11-15> patch level 1
L3 programming layer <2022-01-21> (./poli.cls
Document Class: poli 2007/03/01\ v2.0\ Poli Dissertations
(/usr/share/texlive/texmf-dist/tex/latex/base/book.cls
Document Class: book 2021/10/04 v1.4n Standard LaTeX document class
(/usr/share/texlive/texmf-dist/tex/latex/base/bk12.clo
File: bk12.clo 2021/10/04 v1.4n Standard LaTeX file (size option)
)
\c@part=\count185
\c@chapter=\count186
\c@section=\count187
\c@subsection=\count188
\c@subsubsection=\count189
\c@paragraph=\count190
\c@subparagraph=\count191
\c@figure=\count192
\c@table=\count193
\abovecaptionskip=\skip47
\belowcaptionskip=\skip48
\bibindent=\dimen138
) (/usr/share/texlive/texmf-dist/tex/latex/lastpage/lastpage.sty
Package: lastpage 2021/09/03 v1.2n Refers to last page's name (HMM; JPG)
) (/usr/share/texlive/texmf-dist/tex/latex/hyperref/hyperref.sty
Package: hyperref 2021-06-07 v7.00m Hypertext links for LaTeX
 (/usr/share/texlive/texmf-dist/tex/generic/ltxcmds/ltxcmds.sty
Package: ltxcmds 2020-05-10 v1.25 LaTeX kernel commands for general use (HO)
) (/usr/share/texlive/texmf-dist/tex/generic/iftex/iftex.sty
Package: iftex 2020/03/06 v1.0d TeX engine tests
) (/usr/share/texlive/texmf-dist/tex/generic/pdftexcmds/pdftexcmds.sty
Package: pdftexcmds 2020-06-27 v0.33 Utility functions of pdfTeX for LuaTeX (HO)
 (/usr/share/texlive/texmf-dist/tex/generic/infwarerr/infwarerr.sty
Package: infwarerr 2019/12/03 v1.5 Providing info/warning/error messages (HO)
)
Package pdftexcmds Info: \pdf@primitive is available.
Package pdftexcmds Info: \pdf@ifprimitive is available.
Package pdftexcmds Info: \pdfdraftmode found.
) (/usr/share/texlive/texmf-dist/tex/latex/graphics/keyval.sty
Package: keyval 2014/10/28 v1.15 key=value parser (DPC)
\KV@toks@=\toks16
) (/usr/share/texlive/texmf-dist/tex/generic/kvsetkeys/kvsetkeys.sty
Package: kvsetkeys 2019/12/15 v1.18 Key value parser (HO)
) (/usr/share/texlive/texmf-dist/tex/generic/kvdefinekeys/kvdefinekeys.sty
Package: kvdefinekeys 2019-12-19 v1.6 Define keys (HO)
) (/usr/share/texlive/texmf-dist/tex/generic/pdfescape/pdfescape.sty
Package: pdfescape 2019/12/09 v1.15 Implements pdfTeX's escape features (HO)
) (/usr/share/texlive/texmf-dist/tex/latex/hycolor/hycolor.sty
Package: hycolor 2020-01-27 v1.10 Color options for hyperref/bookmark (HO)
) (/usr/share/texlive/texmf-dist/tex/latex/letltxmacro/letltxmacro.sty
Package: letltxmacro 2019/12/03 v1.6 Let assignment for LaTeX macros (HO)
) (/usr/share/texlive/texmf-dist/tex/latex/auxhook/auxhook.sty
Package: auxhook 2019-12-17 v1.6 Hooks for auxiliary files (HO)
) (/usr/share/texlive/texmf-dist/tex/latex/kvoptions/kvoptions.sty
Package: kvoptions 2020-10-07 v3.14 Key value format for package options (HO)
)
\@linkdim=\dimen139
\Hy@linkcounter=\count194
\Hy@pagecounter=\count195
 (/usr/share/texlive/texmf-dist/tex/latex/hyperref/pd1enc.def
File: pd1enc.def 2021-06-07 v7.00m Hyperref: PDFDocEncoding definition (HO)
Now handling font encoding PD1 ...
... no UTF-8 mapping file for font encoding PD1
) (/usr/share/texlive/texmf-dist/tex/latex/hyperref/hyperref-langpatches.def
File: hyperref-langpatches.def 2021-06-07 v7.00m Hyperref: patches for babel languages
) (/usr/share/texlive/texmf-dist/tex/generic/intcalc/intcalc.sty
Package: intcalc 2019/12/15 v1.3 Expandable calculations with integers (HO)
) (/usr/share/texlive/texmf-dist/tex/generic/etexcmds/etexcmds.sty
Package: etexcmds 2019/12/15 v1.7 Avoid name clashes with e-TeX commands (HO)
)
\Hy@SavedSpaceFactor=\count196
 (/usr/share/texlive/texmf-dist/tex/latex/hyperref/puenc.def
File: puenc.def 2021-06-07 v7.00m Hyperref: PDF Unicode definition (HO)
Now handling font encoding PU ...
... no UTF-8 mapping file for font encoding PU
)
Package hyperref Info: Hyper figures OFF on input line 4192.
Package hyperref Info: Link nesting OFF on input line 4197.
Package hyperref Info: Hyper index ON on input line 4200.
Package hyperref Info: Plain pages OFF on input line 4207.
Package hyperref Info: Backreferencing OFF on input line 4212.
Package hyperref Info: Implicit mode ON; LaTeX internals redefined.
Package hyperref Info: Bookmarks ON on input line 4445.
\c@Hy@tempcnt=\count197
 (/usr/share/texlive/texmf-dist/tex/latex/url/url.sty
\Urlmuskip=\muskip16
Package: url 2013/09/16  ver 3.4  Verb mode for urls, etc.
)
LaTeX Info: Redefining \url on input line 4804.
\XeTeXLinkMargin=\dimen140
 (/usr/share/texlive/texmf-dist/tex/generic/bitset/bitset.sty
Package: bitset 2019/12/09 v1.3 Handle bit-vector datatype (HO)
 (/usr/share/texlive/texmf-dist/tex/generic/bigintcalc/bigintcalc.sty
Package: bigintcalc 2019/12/15 v1.5 Expandable calculations on big integers (HO)
))
\Fld@menulength=\count198
\Field@Width=\dimen141
\Fld@charsize=\dimen142
Package hyperref Info: Hyper figures OFF on input line 6076.
Package hyperref Info: Link nesting OFF on input line 6081.
Package hyperref Info: Hyper index ON on input line 6084.
Package hyperref Info: backreferencing OFF on input line 6091.
Package hyperref Info: Link coloring OFF on input line 6096.
Package hyperref Info: Link coloring with OCG OFF on input line 6101.
Package hyperref Info: PDF/A mode OFF on input line 6106.
LaTeX Info: Redefining \ref on input line 6146.
LaTeX Info: Redefining \pageref on input line 6150.
 (/usr/share/texlive/texmf-dist/tex/latex/base/atbegshi-ltx.sty
Package: atbegshi-ltx 2021/01/10 v1.0c Emulation of the original atbegshi
package with kernel methods
)
\Hy@abspage=\count199
\c@Item=\count266
\c@Hfootnote=\count267
)
Package hyperref Info: Driver: hpdftex.
 (/usr/share/texlive/texmf-dist/tex/latex/hyperref/hpdftex.def
File: hpdftex.def 2021-06-07 v7.00m Hyperref driver for pdfTeX
 (/usr/share/texlive/texmf-dist/tex/latex/base/atveryend-ltx.sty
Package: atveryend-ltx 2020/08/19 v1.0a Emulation of the original atveryend package
with kernel methods
)
\Fld@listcount=\count268
\c@bookmark@seq@number=\count269
 (/usr/share/texlive/texmf-dist/tex/latex/rerunfilecheck/rerunfilecheck.sty
Package: rerunfilecheck 2019/12/05 v1.9 Rerun checks for auxiliary files (HO)
 (/usr/share/texlive/texmf-dist/tex/generic/uniquecounter/uniquecounter.sty
Package: uniquecounter 2019/12/15 v1.4 Provide unlimited unique counter (HO)
)
Package uniquecounter Info: New unique counter `rerunfilecheck' on input line 286.
)
\Hy@SectionHShift=\skip49
) (/usr/share/texlive/texmf-dist/tex/generic/babel/babel.sty
Package: babel 2022/01/26 3.70 The Babel package
\babel@savecnt=\count270
\U@D=\dimen143
\l@unhyphenated=\language87
 (/usr/share/texlive/texmf-dist/tex/generic/babel/txtbabel.def)
\bbl@readstream=\read2
\bbl@dirlevel=\count271
 (/usr/share/texlive/texmf-dist/tex/generic/babel-english/english.ldf
Language: english 2017/06/06 v3.3r English support from the babel system
Package babel Info: Hyphen rules for 'canadian' set to \l@english
(babel)             (\language0). Reported on input line 102.
Package babel Info: Hyphen rules for 'australian' set to \l@ukenglish
(babel)             (\language74). Reported on input line 105.
Package babel Info: Hyphen rules for 'newzealand' set to \l@ukenglish
(babel)             (\language74). Reported on input line 108.
) (/usr/share/texlive/texmf-dist/tex/generic/babel-portuges/brazil.ldf
Language: portuges 2021/07/09 v1.2t Portuguese support from the babel system
Package babel Info: Hyphen rules for 'brazil' set to \l@portuguese
(babel)             (\language44). Reported on input line 111.
Package babel Info: Making " an active character on input line 143.
)) (/usr/share/texlive/texmf-dist/tex/latex/hyphenat/hyphenat.sty
Package: hyphenat 2009/09/02 v2.3c hyphenation utilities
\langwohyphens=\language88
LaTeX Info: Redefining \_ on input line 43.
) (/usr/share/texlive/texmf-dist/tex/latex/base/ifthen.sty
Package: ifthen 2020/11/24 v1.1c Standard LaTeX ifthen package (DPC)
) (/usr/share/texlive/texmf-dist/tex/latex/graphics/graphicx.sty
Package: graphicx 2021/09/16 v1.2d Enhanced LaTeX Graphics (DPC,SPQR)
 (/usr/share/texlive/texmf-dist/tex/latex/graphics/graphics.sty
Package: graphics 2021/03/04 v1.4d Standard LaTeX Graphics (DPC,SPQR)
 (/usr/share/texlive/texmf-dist/tex/latex/graphics/trig.sty
Package: trig 2021/08/11 v1.11 sin cos tan (DPC)
) (/usr/share/texlive/texmf-dist/tex/latex/graphics-cfg/graphics.cfg
File: graphics.cfg 2016/06/04 v1.11 sample graphics configuration
)
Package graphics Info: Driver file: pdftex.def on input line 107.
 (/usr/share/texlive/texmf-dist/tex/latex/graphics-def/pdftex.def
File: pdftex.def 2020/10/05 v1.2a Graphics/color driver for pdftex
))
\Gin@req@height=\dimen144
\Gin@req@width=\dimen145
) (/usr/share/texlive/texmf-dist/tex/latex/tools/tabularx.sty
Package: tabularx 2020/01/15 v2.11c `tabularx' package (DPC)
 (/usr/share/texlive/texmf-dist/tex/latex/tools/array.sty
Package: array 2021/10/04 v2.5f Tabular extension package (FMi)
\col@sep=\dimen146
\ar@mcellbox=\box50
\extrarowheight=\dimen147
\NC@list=\toks17
\extratabsurround=\skip50
\backup@length=\skip51
\ar@cellbox=\box51
)
\TX@col@width=\dimen148
\TX@old@table=\dimen149
\TX@old@col=\dimen150
\TX@target=\dimen151
\TX@delta=\dimen152
\TX@cols=\count272
\TX@ftn=\toks18
) (/usr/share/texlive/texmf-dist/tex/latex/eqparbox/eqparbox.sty
Package: eqparbox 2017/09/03 v4.1 Create equal-widthed boxes
\eqp@tempdima=\skip52
\eqp@tempdimb=\skip53
\eqp@tabular@box=\box52
\eqp@list@box=\box53
\eqp@list@indent=\skip54
 (/usr/share/texlive/texmf-dist/tex/latex/environ/environ.sty
Package: environ 2014/05/04 v0.3 A new way to define environments
 (/usr/share/texlive/texmf-dist/tex/latex/trimspaces/trimspaces.sty
Package: trimspaces 2009/09/17 v1.1 Trim spaces around a token list
)
\@envbody=\toks19
)) (/usr/share/texlive/texmf-dist/tex/latex/geometry/geometry.sty
Package: geometry 2020/01/02 v5.9 Page Geometry
 (/usr/share/texlive/texmf-dist/tex/generic/iftex/ifvtex.sty
Package: ifvtex 2019/10/25 v1.7 ifvtex legacy package. Use iftex instead.
)
\Gm@cnth=\count273
\Gm@cntv=\count274
\c@Gm@tempcnt=\count275
\Gm@bindingoffset=\dimen153
\Gm@wd@mp=\dimen154
\Gm@odd@mp=\dimen155
\Gm@even@mp=\dimen156
\Gm@layoutwidth=\dimen157
\Gm@layoutheight=\dimen158
\Gm@layouthoffset=\dimen159
\Gm@layoutvoffset=\dimen160
\Gm@dimlist=\toks20
)
\c@minexaminers=\count276
\@examiner=\count277
\c@keywords=\count278
\bibindent=\dimen161
) (/usr/share/texlive/texmf-dist/tex/latex/base/inputenc.sty
Package: inputenc 2021/02/14 v1.3d Input encoding file
\inpenc@prehook=\toks21
\inpenc@posthook=\toks22
) (/usr/share/texlive/texmf-dist/tex/latex/amsmath/amsmath.sty
Package: amsmath 2021/10/15 v2.17l AMS math features
\@mathmargin=\skip55

For additional information on amsmath, use the `?' option.
(/usr/share/texlive/texmf-dist/tex/latex/amsmath/amstext.sty
Package: amstext 2021/08/26 v2.01 AMS text
 (/usr/share/texlive/texmf-dist/tex/latex/amsmath/amsgen.sty
File: amsgen.sty 1999/11/30 v2.0 generic functions
\@emptytoks=\toks23
\ex@=\dimen162
)) (/usr/share/texlive/texmf-dist/tex/latex/amsmath/amsbsy.sty
Package: amsbsy 1999/11/29 v1.2d Bold Symbols
\pmbraise@=\dimen163
) (/usr/share/texlive/texmf-dist/tex/latex/amsmath/amsopn.sty
Package: amsopn 2021/08/26 v2.02 operator names
)
\inf@bad=\count279
LaTeX Info: Redefining \frac on input line 234.
\uproot@=\count280
\leftroot@=\count281
LaTeX Info: Redefining \overline on input line 399.
\classnum@=\count282
\DOTSCASE@=\count283
LaTeX Info: Redefining \ldots on input line 496.
LaTeX Info: Redefining \dots on input line 499.
LaTeX Info: Redefining \cdots on input line 620.
\Mathstrutbox@=\box54
\strutbox@=\box55
\big@size=\dimen164
LaTeX Font Info:    Redeclaring font encoding OML on input line 743.
LaTeX Font Info:    Redeclaring font encoding OMS on input line 744.
\macc@depth=\count284
\c@MaxMatrixCols=\count285
\dotsspace@=\muskip17
\c@parentequation=\count286
\dspbrk@lvl=\count287
\tag@help=\toks24
\row@=\count288
\column@=\count289
\maxfields@=\count290
\andhelp@=\toks25
\eqnshift@=\dimen165
\alignsep@=\dimen166
\tagshift@=\dimen167
\tagwidth@=\dimen168
\totwidth@=\dimen169
\lineht@=\dimen170
\@envbody=\toks26
\multlinegap=\skip56
\multlinetaggap=\skip57
\mathdisplay@stack=\toks27
LaTeX Info: Redefining \[ on input line 2938.
LaTeX Info: Redefining \] on input line 2939.
) (/usr/share/texlive/texmf-dist/tex/latex/amsfonts/amssymb.sty
Package: amssymb 2013/01/14 v3.01 AMS font symbols
 (/usr/share/texlive/texmf-dist/tex/latex/amsfonts/amsfonts.sty
Package: amsfonts 2013/01/14 v3.01 Basic AMSFonts support
\symAMSa=\mathgroup4
\symAMSb=\mathgroup5
LaTeX Font Info:    Redeclaring math symbol \hbar on input line 98.
LaTeX Font Info:    Overwriting math alphabet `\mathfrak' in version `bold'
(Font)                  U/euf/m/n --> U/euf/b/n on input line 106.
)) (/usr/share/texlive/texmf-dist/tex/latex/float/float.sty
Package: float 2001/11/08 v1.3d Float enhancements (AL)
\c@float@type=\count291
\float@exts=\toks28
\float@box=\box56
\@float@everytoks=\toks29
\@floatcapt=\box57
) (/usr/share/texlive/texmf-dist/tex/latex/multirow/multirow.sty
Package: multirow 2021/03/15 v2.8 Span multiple rows of a table
\multirow@colwidth=\skip58
\multirow@cntb=\count292
\multirow@dima=\skip59
\bigstrutjot=\dimen171
) (/usr/share/texlive/texmf-dist/tex/latex/tools/longtable.sty
Package: longtable 2021-09-01 v4.17 Multi-page Table package (DPC)
\LTleft=\skip60
\LTright=\skip61
\LTpre=\skip62
\LTpost=\skip63
\LTchunksize=\count293
\LTcapwidth=\dimen172
\LT@head=\box58
\LT@firsthead=\box59
\LT@foot=\box60
\LT@lastfoot=\box61
\LT@gbox=\box62
\LT@cols=\count294
\LT@rows=\count295
\c@LT@tables=\count296
\c@LT@chunks=\count297
\LT@p@ftn=\toks30
) (/usr/share/texlive/texmf-dist/tex/latex/pgf/frontendlayer/tikz.sty (/usr/share/texlive/texmf-dist/tex/latex/pgf/basiclayer/pgf.sty (/usr/share/texlive/texmf-dist/tex/latex/pgf/utilities/pgfrcs.sty (/usr/share/texlive/texmf-dist/tex/generic/pgf/utilities/pgfutil-common.tex
\pgfutil@everybye=\toks31
\pgfutil@tempdima=\dimen173
\pgfutil@tempdimb=\dimen174
 (/usr/share/texlive/texmf-dist/tex/generic/pgf/utilities/pgfutil-common-lists.tex)) (/usr/share/texlive/texmf-dist/tex/generic/pgf/utilities/pgfutil-latex.def
\pgfutil@abb=\box63
) (/usr/share/texlive/texmf-dist/tex/generic/pgf/utilities/pgfrcs.code.tex (/usr/share/texlive/texmf-dist/tex/generic/pgf/pgf.revision.tex)
Package: pgfrcs 2021/05/15 v3.1.9a (3.1.9a)
))
Package: pgf 2021/05/15 v3.1.9a (3.1.9a)
 (/usr/share/texlive/texmf-dist/tex/latex/pgf/basiclayer/pgfcore.sty (/usr/share/texlive/texmf-dist/tex/latex/pgf/systemlayer/pgfsys.sty (/usr/share/texlive/texmf-dist/tex/generic/pgf/systemlayer/pgfsys.code.tex
Package: pgfsys 2021/05/15 v3.1.9a (3.1.9a)
 (/usr/share/texlive/texmf-dist/tex/generic/pgf/utilities/pgfkeys.code.tex
\pgfkeys@pathtoks=\toks32
\pgfkeys@temptoks=\toks33
 (/usr/share/texlive/texmf-dist/tex/generic/pgf/utilities/pgfkeysfiltered.code.tex
\pgfkeys@tmptoks=\toks34
))
\pgf@x=\dimen175
\pgf@y=\dimen176
\pgf@xa=\dimen177
\pgf@ya=\dimen178
\pgf@xb=\dimen179
\pgf@yb=\dimen180
\pgf@xc=\dimen181
\pgf@yc=\dimen182
\pgf@xd=\dimen183
\pgf@yd=\dimen184
\w@pgf@writea=\write3
\r@pgf@reada=\read3
\c@pgf@counta=\count298
\c@pgf@countb=\count299
\c@pgf@countc=\count300
\c@pgf@countd=\count301
\t@pgf@toka=\toks35
\t@pgf@tokb=\toks36
\t@pgf@tokc=\toks37
\pgf@sys@id@count=\count302
 (/usr/share/texlive/texmf-dist/tex/generic/pgf/systemlayer/pgf.cfg
File: pgf.cfg 2021/05/15 v3.1.9a (3.1.9a)
)
Driver file for pgf: pgfsys-pdftex.def
 (/usr/share/texlive/texmf-dist/tex/generic/pgf/systemlayer/pgfsys-pdftex.def
File: pgfsys-pdftex.def 2021/05/15 v3.1.9a (3.1.9a)
 (/usr/share/texlive/texmf-dist/tex/generic/pgf/systemlayer/pgfsys-common-pdf.def
File: pgfsys-common-pdf.def 2021/05/15 v3.1.9a (3.1.9a)
))) (/usr/share/texlive/texmf-dist/tex/generic/pgf/systemlayer/pgfsyssoftpath.code.tex
File: pgfsyssoftpath.code.tex 2021/05/15 v3.1.9a (3.1.9a)
\pgfsyssoftpath@smallbuffer@items=\count303
\pgfsyssoftpath@bigbuffer@items=\count304
) (/usr/share/texlive/texmf-dist/tex/generic/pgf/systemlayer/pgfsysprotocol.code.tex
File: pgfsysprotocol.code.tex 2021/05/15 v3.1.9a (3.1.9a)
)) (/usr/share/texlive/texmf-dist/tex/latex/xcolor/xcolor.sty
Package: xcolor 2021/10/31 v2.13 LaTeX color extensions (UK)
 (/usr/share/texlive/texmf-dist/tex/latex/graphics-cfg/color.cfg
File: color.cfg 2016/01/02 v1.6 sample color configuration
)
Package xcolor Info: Driver file: pdftex.def on input line 227.
Package xcolor Info: Model `cmy' substituted by `cmy0' on input line 1352.
Package xcolor Info: Model `hsb' substituted by `rgb' on input line 1356.
Package xcolor Info: Model `RGB' extended on input line 1368.
Package xcolor Info: Model `HTML' substituted by `rgb' on input line 1370.
Package xcolor Info: Model `Hsb' substituted by `hsb' on input line 1371.
Package xcolor Info: Model `tHsb' substituted by `hsb' on input line 1372.
Package xcolor Info: Model `HSB' substituted by `hsb' on input line 1373.
Package xcolor Info: Model `Gray' substituted by `gray' on input line 1374.
Package xcolor Info: Model `wave' substituted by `hsb' on input line 1375.
) (/usr/share/texlive/texmf-dist/tex/generic/pgf/basiclayer/pgfcore.code.tex
Package: pgfcore 2021/05/15 v3.1.9a (3.1.9a)
 (/usr/share/texlive/texmf-dist/tex/generic/pgf/math/pgfmath.code.tex (/usr/share/texlive/texmf-dist/tex/generic/pgf/math/pgfmathcalc.code.tex (/usr/share/texlive/texmf-dist/tex/generic/pgf/math/pgfmathutil.code.tex) (/usr/share/texlive/texmf-dist/tex/generic/pgf/math/pgfmathparser.code.tex
\pgfmath@dimen=\dimen185
\pgfmath@count=\count305
\pgfmath@box=\box64
\pgfmath@toks=\toks38
\pgfmath@stack@operand=\toks39
\pgfmath@stack@operation=\toks40
) (/usr/share/texlive/texmf-dist/tex/generic/pgf/math/pgfmathfunctions.code.tex (/usr/share/texlive/texmf-dist/tex/generic/pgf/math/pgfmathfunctions.basic.code.tex) (/usr/share/texlive/texmf-dist/tex/generic/pgf/math/pgfmathfunctions.trigonometric.code.tex) (/usr/share/texlive/texmf-dist/tex/generic/pgf/math/pgfmathfunctions.random.code.tex) (/usr/share/texlive/texmf-dist/tex/generic/pgf/math/pgfmathfunctions.comparison.code.tex) (/usr/share/texlive/texmf-dist/tex/generic/pgf/math/pgfmathfunctions.base.code.tex) (/usr/share/texlive/texmf-dist/tex/generic/pgf/math/pgfmathfunctions.round.code.tex) (/usr/share/texlive/texmf-dist/tex/generic/pgf/math/pgfmathfunctions.misc.code.tex) (/usr/share/texlive/texmf-dist/tex/generic/pgf/math/pgfmathfunctions.integerarithmetics.code.tex))) (/usr/share/texlive/texmf-dist/tex/generic/pgf/math/pgfmathfloat.code.tex
\c@pgfmathroundto@lastzeros=\count306
)) (/usr/share/texlive/texmf-dist/tex/generic/pgf/math/pgfint.code.tex) (/usr/share/texlive/texmf-dist/tex/generic/pgf/basiclayer/pgfcorepoints.code.tex
File: pgfcorepoints.code.tex 2021/05/15 v3.1.9a (3.1.9a)
\pgf@picminx=\dimen186
\pgf@picmaxx=\dimen187
\pgf@picminy=\dimen188
\pgf@picmaxy=\dimen189
\pgf@pathminx=\dimen190
\pgf@pathmaxx=\dimen191
\pgf@pathminy=\dimen192
\pgf@pathmaxy=\dimen193
\pgf@xx=\dimen194
\pgf@xy=\dimen195
\pgf@yx=\dimen196
\pgf@yy=\dimen197
\pgf@zx=\dimen198
\pgf@zy=\dimen199
) (/usr/share/texlive/texmf-dist/tex/generic/pgf/basiclayer/pgfcorepathconstruct.code.tex
File: pgfcorepathconstruct.code.tex 2021/05/15 v3.1.9a (3.1.9a)
\pgf@path@lastx=\dimen256
\pgf@path@lasty=\dimen257
) (/usr/share/texlive/texmf-dist/tex/generic/pgf/basiclayer/pgfcorepathusage.code.tex
File: pgfcorepathusage.code.tex 2021/05/15 v3.1.9a (3.1.9a)
\pgf@shorten@end@additional=\dimen258
\pgf@shorten@start@additional=\dimen259
) (/usr/share/texlive/texmf-dist/tex/generic/pgf/basiclayer/pgfcorescopes.code.tex
File: pgfcorescopes.code.tex 2021/05/15 v3.1.9a (3.1.9a)
\pgfpic=\box65
\pgf@hbox=\box66
\pgf@layerbox@main=\box67
\pgf@picture@serial@count=\count307
) (/usr/share/texlive/texmf-dist/tex/generic/pgf/basiclayer/pgfcoregraphicstate.code.tex
File: pgfcoregraphicstate.code.tex 2021/05/15 v3.1.9a (3.1.9a)
\pgflinewidth=\dimen260
) (/usr/share/texlive/texmf-dist/tex/generic/pgf/basiclayer/pgfcoretransformations.code.tex
File: pgfcoretransformations.code.tex 2021/05/15 v3.1.9a (3.1.9a)
\pgf@pt@x=\dimen261
\pgf@pt@y=\dimen262
\pgf@pt@temp=\dimen263
) (/usr/share/texlive/texmf-dist/tex/generic/pgf/basiclayer/pgfcorequick.code.tex
File: pgfcorequick.code.tex 2021/05/15 v3.1.9a (3.1.9a)
) (/usr/share/texlive/texmf-dist/tex/generic/pgf/basiclayer/pgfcoreobjects.code.tex
File: pgfcoreobjects.code.tex 2021/05/15 v3.1.9a (3.1.9a)
) (/usr/share/texlive/texmf-dist/tex/generic/pgf/basiclayer/pgfcorepathprocessing.code.tex
File: pgfcorepathprocessing.code.tex 2021/05/15 v3.1.9a (3.1.9a)
) (/usr/share/texlive/texmf-dist/tex/generic/pgf/basiclayer/pgfcorearrows.code.tex
File: pgfcorearrows.code.tex 2021/05/15 v3.1.9a (3.1.9a)
\pgfarrowsep=\dimen264
) (/usr/share/texlive/texmf-dist/tex/generic/pgf/basiclayer/pgfcoreshade.code.tex
File: pgfcoreshade.code.tex 2021/05/15 v3.1.9a (3.1.9a)
\pgf@max=\dimen265
\pgf@sys@shading@range@num=\count308
\pgf@shadingcount=\count309
) (/usr/share/texlive/texmf-dist/tex/generic/pgf/basiclayer/pgfcoreimage.code.tex
File: pgfcoreimage.code.tex 2021/05/15 v3.1.9a (3.1.9a)
 (/usr/share/texlive/texmf-dist/tex/generic/pgf/basiclayer/pgfcoreexternal.code.tex
File: pgfcoreexternal.code.tex 2021/05/15 v3.1.9a (3.1.9a)
\pgfexternal@startupbox=\box68
)) (/usr/share/texlive/texmf-dist/tex/generic/pgf/basiclayer/pgfcorelayers.code.tex
File: pgfcorelayers.code.tex 2021/05/15 v3.1.9a (3.1.9a)
) (/usr/share/texlive/texmf-dist/tex/generic/pgf/basiclayer/pgfcoretransparency.code.tex
File: pgfcoretransparency.code.tex 2021/05/15 v3.1.9a (3.1.9a)
) (/usr/share/texlive/texmf-dist/tex/generic/pgf/basiclayer/pgfcorepatterns.code.tex
File: pgfcorepatterns.code.tex 2021/05/15 v3.1.9a (3.1.9a)
) (/usr/share/texlive/texmf-dist/tex/generic/pgf/basiclayer/pgfcorerdf.code.tex
File: pgfcorerdf.code.tex 2021/05/15 v3.1.9a (3.1.9a)
))) (/usr/share/texlive/texmf-dist/tex/generic/pgf/modules/pgfmoduleshapes.code.tex
File: pgfmoduleshapes.code.tex 2021/05/15 v3.1.9a (3.1.9a)
\pgfnodeparttextbox=\box69
) (/usr/share/texlive/texmf-dist/tex/generic/pgf/modules/pgfmoduleplot.code.tex
File: pgfmoduleplot.code.tex 2021/05/15 v3.1.9a (3.1.9a)
) (/usr/share/texlive/texmf-dist/tex/latex/pgf/compatibility/pgfcomp-version-0-65.sty
Package: pgfcomp-version-0-65 2021/05/15 v3.1.9a (3.1.9a)
\pgf@nodesepstart=\dimen266
\pgf@nodesepend=\dimen267
) (/usr/share/texlive/texmf-dist/tex/latex/pgf/compatibility/pgfcomp-version-1-18.sty
Package: pgfcomp-version-1-18 2021/05/15 v3.1.9a (3.1.9a)
)) (/usr/share/texlive/texmf-dist/tex/latex/pgf/utilities/pgffor.sty (/usr/share/texlive/texmf-dist/tex/latex/pgf/utilities/pgfkeys.sty (/usr/share/texlive/texmf-dist/tex/generic/pgf/utilities/pgfkeys.code.tex)) (/usr/share/texlive/texmf-dist/tex/latex/pgf/math/pgfmath.sty (/usr/share/texlive/texmf-dist/tex/generic/pgf/math/pgfmath.code.tex)) (/usr/share/texlive/texmf-dist/tex/generic/pgf/utilities/pgffor.code.tex
Package: pgffor 2021/05/15 v3.1.9a (3.1.9a)
 (/usr/share/texlive/texmf-dist/tex/generic/pgf/math/pgfmath.code.tex)
\pgffor@iter=\dimen268
\pgffor@skip=\dimen269
\pgffor@stack=\toks41
\pgffor@toks=\toks42
)) (/usr/share/texlive/texmf-dist/tex/generic/pgf/frontendlayer/tikz/tikz.code.tex
Package: tikz 2021/05/15 v3.1.9a (3.1.9a)
 (/usr/share/texlive/texmf-dist/tex/generic/pgf/libraries/pgflibraryplothandlers.code.tex
File: pgflibraryplothandlers.code.tex 2021/05/15 v3.1.9a (3.1.9a)
\pgf@plot@mark@count=\count310
\pgfplotmarksize=\dimen270
)
\tikz@lastx=\dimen271
\tikz@lasty=\dimen272
\tikz@lastxsaved=\dimen273
\tikz@lastysaved=\dimen274
\tikz@lastmovetox=\dimen275
\tikz@lastmovetoy=\dimen276
\tikzleveldistance=\dimen277
\tikzsiblingdistance=\dimen278
\tikz@figbox=\box70
\tikz@figbox@bg=\box71
\tikz@tempbox=\box72
\tikz@tempbox@bg=\box73
\tikztreelevel=\count311
\tikznumberofchildren=\count312
\tikznumberofcurrentchild=\count313
\tikz@fig@count=\count314
 (/usr/share/texlive/texmf-dist/tex/generic/pgf/modules/pgfmodulematrix.code.tex
File: pgfmodulematrix.code.tex 2021/05/15 v3.1.9a (3.1.9a)
\pgfmatrixcurrentrow=\count315
\pgfmatrixcurrentcolumn=\count316
\pgf@matrix@numberofcolumns=\count317
)
\tikz@expandcount=\count318
 (/usr/share/texlive/texmf-dist/tex/generic/pgf/frontendlayer/tikz/libraries/tikzlibrarytopaths.code.tex
File: tikzlibrarytopaths.code.tex 2021/05/15 v3.1.9a (3.1.9a)
))) (/usr/share/texlive/texmf-dist/tex/generic/pgf/frontendlayer/tikz/libraries/tikzlibraryshapes.code.tex
File: tikzlibraryshapes.code.tex 2021/05/15 v3.1.9a (3.1.9a)
 (/usr/share/texlive/texmf-dist/tex/generic/pgf/frontendlayer/tikz/libraries/tikzlibraryshapes.geometric.code.tex
File: tikzlibraryshapes.geometric.code.tex 2021/05/15 v3.1.9a (3.1.9a)
 (/usr/share/texlive/texmf-dist/tex/generic/pgf/libraries/shapes/pgflibraryshapes.geometric.code.tex
File: pgflibraryshapes.geometric.code.tex 2021/05/15 v3.1.9a (3.1.9a)
)) (/usr/share/texlive/texmf-dist/tex/generic/pgf/frontendlayer/tikz/libraries/tikzlibraryshapes.misc.code.tex
File: tikzlibraryshapes.misc.code.tex 2021/05/15 v3.1.9a (3.1.9a)
 (/usr/share/texlive/texmf-dist/tex/generic/pgf/libraries/shapes/pgflibraryshapes.misc.code.tex
File: pgflibraryshapes.misc.code.tex 2021/05/15 v3.1.9a (3.1.9a)
)) (/usr/share/texlive/texmf-dist/tex/generic/pgf/frontendlayer/tikz/libraries/tikzlibraryshapes.symbols.code.tex
File: tikzlibraryshapes.symbols.code.tex 2021/05/15 v3.1.9a (3.1.9a)
 (/usr/share/texlive/texmf-dist/tex/generic/pgf/libraries/shapes/pgflibraryshapes.symbols.code.tex
File: pgflibraryshapes.symbols.code.tex 2021/05/15 v3.1.9a (3.1.9a)
)) (/usr/share/texlive/texmf-dist/tex/generic/pgf/frontendlayer/tikz/libraries/tikzlibraryshapes.arrows.code.tex
File: tikzlibraryshapes.arrows.code.tex 2021/05/15 v3.1.9a (3.1.9a)
 (/usr/share/texlive/texmf-dist/tex/generic/pgf/libraries/shapes/pgflibraryshapes.arrows.code.tex
File: pgflibraryshapes.arrows.code.tex 2021/05/15 v3.1.9a (3.1.9a)
)) (/usr/share/texlive/texmf-dist/tex/generic/pgf/frontendlayer/tikz/libraries/tikzlibraryshapes.callouts.code.tex (/usr/share/texlive/texmf-dist/tex/generic/pgf/libraries/shapes/pgflibraryshapes.callouts.code.tex)) (/usr/share/texlive/texmf-dist/tex/generic/pgf/frontendlayer/tikz/libraries/tikzlibraryshapes.multipart.code.tex
File: tikzlibraryshapes.multipart.code.tex 2021/05/15 v3.1.9a (3.1.9a)
 (/usr/share/texlive/texmf-dist/tex/generic/pgf/libraries/shapes/pgflibraryshapes.multipart.code.tex
File: pgflibraryshapes.multipart.code.tex 2021/05/15 v3.1.9a (3.1.9a)
\pgfnodepartlowerbox=\box74
\pgfnodeparttwobox=\box75
\pgfnodepartthreebox=\box76
\pgfnodepartfourbox=\box77
\pgfnodeparttwentybox=\box78
\pgfnodepartnineteenbox=\box79
\pgfnodeparteighteenbox=\box80
\pgfnodepartseventeenbox=\box81
\pgfnodepartsixteenbox=\box82
\pgfnodepartfifteenbox=\box83
\pgfnodepartfourteenbox=\box84
\pgfnodepartthirteenbox=\box85
\pgfnodeparttwelvebox=\box86
\pgfnodepartelevenbox=\box87
\pgfnodeparttenbox=\box88
\pgfnodepartninebox=\box89
\pgfnodeparteightbox=\box90
\pgfnodepartsevenbox=\box91
\pgfnodepartsixbox=\box92
\pgfnodepartfivebox=\box93
))) (/usr/share/texlive/texmf-dist/tex/generic/pgf/frontendlayer/tikz/libraries/tikzlibraryarrows.code.tex
File: tikzlibraryarrows.code.tex 2021/05/15 v3.1.9a (3.1.9a)
 (/usr/share/texlive/texmf-dist/tex/generic/pgf/libraries/pgflibraryarrows.code.tex
File: pgflibraryarrows.code.tex 2021/05/15 v3.1.9a (3.1.9a)
\arrowsize=\dimen279
)) (/usr/share/texlive/texmf-dist/tex/generic/pgf/frontendlayer/tikz/libraries/tikzlibrarychains.code.tex
File: tikzlibrarychains.code.tex 2021/05/15 v3.1.9a (3.1.9a)
 (/usr/share/texlive/texmf-dist/tex/generic/pgf/frontendlayer/tikz/libraries/tikzlibrarypositioning.code.tex
File: tikzlibrarypositioning.code.tex 2021/05/15 v3.1.9a (3.1.9a)
)) (/usr/share/texlive/texmf-dist/tex/latex/enumitem/enumitem.sty
Package: enumitem 2019/06/20 v3.9 Customized lists
\labelindent=\skip64
\enit@outerparindent=\dimen280
\enit@toks=\toks43
\enit@inbox=\box94
\enit@count@id=\count319
\enitdp@description=\count320
) (/usr/share/texlive/texmf-dist/tex/latex/tools/indentfirst.sty
Package: indentfirst 1995/11/23 v1.03 Indent first paragraph (DPC)
) (/usr/share/texlive/texmf-dist/tex/latex/diagbox/diagbox.sty
Package: diagbox 2020/02/09 v2.3 Making table heads with diagonal lines
 (/usr/share/texlive/texmf-dist/tex/latex/pict2e/pict2e.sty
Package: pict2e 2020/09/30 v0.4b Improved picture commands (HjG,RN,JT)
 (/usr/share/texlive/texmf-dist/tex/latex/pict2e/pict2e.cfg
File: pict2e.cfg 2016/02/05 v0.1u pict2e configuration for teTeX/TeXLive
)
Package pict2e Info: Driver file: pdftex.def on input line 112.
Package pict2e Info: Driver file for pict2e: p2e-pdftex.def on input line 114.
 (/usr/share/texlive/texmf-dist/tex/latex/pict2e/p2e-pdftex.def
File: p2e-pdftex.def 2016/02/05 v0.1u Driver-dependant file (RN,HjG,JT)
)
\pIIe@GRAPH=\toks44
\@arclen=\dimen281
\@arcrad=\dimen282
\pIIe@tempdima=\dimen283
\pIIe@tempdimb=\dimen284
\pIIe@tempdimc=\dimen285
\pIIe@tempdimd=\dimen286
\pIIe@tempdime=\dimen287
\pIIe@tempdimf=\dimen288
) (/usr/share/texlive/texmf-dist/tex/latex/tools/calc.sty
Package: calc 2017/05/25 v4.3 Infix arithmetic (KKT,FJ)
\calc@Acount=\count321
\calc@Bcount=\count322
\calc@Adimen=\dimen289
\calc@Bdimen=\dimen290
\calc@Askip=\skip65
\calc@Bskip=\skip66
LaTeX Info: Redefining \setlength on input line 80.
LaTeX Info: Redefining \addtolength on input line 81.
\calc@Ccount=\count323
\calc@Cskip=\skip67
)
\diagbox@boxa=\box95
\diagbox@boxb=\box96
\diagbox@boxm=\box97
\diagbox@wd=\dimen291
\diagbox@ht=\dimen292
\diagbox@insepl=\dimen293
\diagbox@insepr=\dimen294
\diagbox@outsepl=\dimen295
\diagbox@outsepr=\dimen296
) (/usr/share/texlive/texmf-dist/tex/latex/base/fontenc.sty
Package: fontenc 2021/04/29 v2.0v Standard LaTeX package
) (/usr/share/texlive/texmf-dist/tex/latex/lipsum/lipsum.sty (/usr/share/texlive/texmf-dist/tex/latex/l3packages/l3keys2e/l3keys2e.sty (/usr/share/texlive/texmf-dist/tex/latex/l3kernel/expl3.sty
Package: expl3 2022-01-21 L3 programming layer (loader) 
 (/usr/share/texlive/texmf-dist/tex/latex/l3backend/l3backend-pdftex.def
File: l3backend-pdftex.def 2022-01-12 L3 backend support: PDF output (pdfTeX)
\l__color_backend_stack_int=\count324
\l__pdf_internal_box=\box98
))
Package: l3keys2e 2022-01-12 LaTeX2e option processing using LaTeX3 keys
)
Package: lipsum 2021-09-20 v2.7 150 paragraphs of Lorem Ipsum dummy text
\g__lipsum_par_int=\count325
\l__lipsum_a_int=\count326
\l__lipsum_b_int=\count327
 (/usr/share/texlive/texmf-dist/tex/latex/lipsum/lipsum.ltd.tex)) (/usr/share/texlive/texmf-dist/tex/latex/biblatex/biblatex.sty
Package: biblatex 2022/02/02 v3.17 programmable bibliographies (PK/MW)
 (/usr/share/texlive/texmf-dist/tex/latex/etoolbox/etoolbox.sty
Package: etoolbox 2020/10/05 v2.5k e-TeX tools for LaTeX (JAW)
\etb@tempcnta=\count328
) (/usr/share/texlive/texmf-dist/tex/latex/logreq/logreq.sty
Package: logreq 2010/08/04 v1.0 xml request logger
\lrq@indent=\count329
 (/usr/share/texlive/texmf-dist/tex/latex/logreq/logreq.def
File: logreq.def 2010/08/04 v1.0 logreq spec v1.0
))
\c@tabx@nest=\count330
\c@listtotal=\count331
\c@listcount=\count332
\c@liststart=\count333
\c@liststop=\count334
\c@citecount=\count335
\c@citetotal=\count336
\c@multicitecount=\count337
\c@multicitetotal=\count338
\c@instcount=\count339
\c@maxnames=\count340
\c@minnames=\count341
\c@maxitems=\count342
\c@minitems=\count343
\c@citecounter=\count344
\c@maxcitecounter=\count345
\c@savedcitecounter=\count346
\c@uniquelist=\count347
\c@uniquename=\count348
\c@refsection=\count349
\c@refsegment=\count350
\c@maxextratitle=\count351
\c@maxextratitleyear=\count352
\c@maxextraname=\count353
\c@maxextradate=\count354
\c@maxextraalpha=\count355
\c@abbrvpenalty=\count356
\c@highnamepenalty=\count357
\c@lownamepenalty=\count358
\c@maxparens=\count359
\c@parenlevel=\count360
\blx@tempcnta=\count361
\blx@tempcntb=\count362
\blx@tempcntc=\count363
\c@blx@maxsection=\count364
\c@blx@maxsegment@0=\count365
\blx@notetype=\count366
\blx@parenlevel@text=\count367
\blx@parenlevel@foot=\count368
\c@blx@sectionciteorder@0=\count369
\blx@entrysetcounter=\count370
\blx@biblioinstance=\count371
\labelnumberwidth=\skip68
\labelalphawidth=\skip69
\biblabelsep=\skip70
\bibitemsep=\skip71
\bibnamesep=\skip72
\bibinitsep=\skip73
\bibparsep=\skip74
\bibhang=\skip75
\blx@bcfin=\read4
\blx@bcfout=\write4
\blx@langwohyphens=\language89
\c@mincomprange=\count372
\c@maxcomprange=\count373
\c@mincompwidth=\count374
Package biblatex Info: Trying to load biblatex default data model...
Package biblatex Info: ... file 'blx-dm.def' found.
 (/usr/share/texlive/texmf-dist/tex/latex/biblatex/blx-dm.def
File: blx-dm.def 2022/02/02 v3.17 biblatex localization (PK/MW)
)
Package biblatex Info: Trying to load biblatex style data model...
Package biblatex Info: ... file 'abnt-numeric.dbx' not found.
Package biblatex Info: Trying to load biblatex custom data model...
Package biblatex Info: ... file 'biblatex-dm.cfg' not found.
\c@afterword=\count375
\c@savedafterword=\count376
\c@annotator=\count377
\c@savedannotator=\count378
\c@author=\count379
\c@savedauthor=\count380
\c@bookauthor=\count381
\c@savedbookauthor=\count382
\c@commentator=\count383
\c@savedcommentator=\count384
\c@editor=\count385
\c@savededitor=\count386
\c@editora=\count387
\c@savededitora=\count388
\c@editorb=\count389
\c@savededitorb=\count390
\c@editorc=\count391
\c@savededitorc=\count392
\c@foreword=\count393
\c@savedforeword=\count394
\c@holder=\count395
\c@savedholder=\count396
\c@introduction=\count397
\c@savedintroduction=\count398
\c@namea=\count399
\c@savednamea=\count400
\c@nameb=\count401
\c@savednameb=\count402
\c@namec=\count403
\c@savednamec=\count404
\c@translator=\count405
\c@savedtranslator=\count406
\c@shortauthor=\count407
\c@savedshortauthor=\count408
\c@shorteditor=\count409
\c@savedshorteditor=\count410
\c@labelname=\count411
\c@savedlabelname=\count412
\c@institution=\count413
\c@savedinstitution=\count414
\c@lista=\count415
\c@savedlista=\count416
\c@listb=\count417
\c@savedlistb=\count418
\c@listc=\count419
\c@savedlistc=\count420
\c@listd=\count421
\c@savedlistd=\count422
\c@liste=\count423
\c@savedliste=\count424
\c@listf=\count425
\c@savedlistf=\count426
\c@location=\count427
\c@savedlocation=\count428
\c@organization=\count429
\c@savedorganization=\count430
\c@origlocation=\count431
\c@savedoriglocation=\count432
\c@origpublisher=\count433
\c@savedorigpublisher=\count434
\c@publisher=\count435
\c@savedpublisher=\count436
\c@language=\count437
\c@savedlanguage=\count438
\c@origlanguage=\count439
\c@savedoriglanguage=\count440
\c@pageref=\count441
\c@savedpageref=\count442
\shorthandwidth=\skip76
\shortjournalwidth=\skip77
\shortserieswidth=\skip78
\shorttitlewidth=\skip79
\shortauthorwidth=\skip80
\shorteditorwidth=\skip81
\locallabelnumberwidth=\skip82
\locallabelalphawidth=\skip83
\localshorthandwidth=\skip84
\localshortjournalwidth=\skip85
\localshortserieswidth=\skip86
\localshorttitlewidth=\skip87
\localshortauthorwidth=\skip88
\localshorteditorwidth=\skip89
Package biblatex Info: Trying to load compatibility code...
Package biblatex Info: ... file 'blx-compat.def' found.
 (/usr/share/texlive/texmf-dist/tex/latex/biblatex/blx-compat.def
File: blx-compat.def 2022/02/02 v3.17 biblatex compatibility (PK/MW)
)
Package biblatex Info: Trying to load generic definitions...
Package biblatex Info: ... file 'biblatex.def' found.
 (/usr/share/texlive/texmf-dist/tex/latex/biblatex/biblatex.def
File: biblatex.def 2022/02/02 v3.17 biblatex compatibility (PK/MW)
\c@textcitecount=\count443
\c@textcitetotal=\count444
\c@textcitemaxnames=\count445
\c@biburlbigbreakpenalty=\count446
\c@biburlbreakpenalty=\count447
\c@biburlnumpenalty=\count448
\c@biburlucpenalty=\count449
\c@biburllcpenalty=\count450
\biburlbigskip=\muskip18
\biburlnumskip=\muskip19
\biburlucskip=\muskip20
\biburllcskip=\muskip21
\c@smartand=\count451
)
Package biblatex Info: Trying to load bibliography style 'abnt-numeric'...
Package biblatex Info: ... file 'abnt-numeric.bbx' found.
 (/usr/share/texlive/texmf-dist/tex/latex/biblatex-abnt/abnt-numeric.bbx
File: abnt-numeric.bbx 2018-11-17 v3.4 ABNT BibLaTeX citation style
Package biblatex Info: Trying to load bibliography style 'abnt'...
Package biblatex Info: ... file 'abnt.bbx' found.
 (/usr/share/texlive/texmf-dist/tex/latex/biblatex-abnt/abnt.bbx
File: abnt.bbx 2018-11-17 v3.4 ABNT BibLaTeX citation style
 (/usr/share/texlive/texmf-dist/tex/latex/l3packages/xparse/xparse.sty
Package: xparse 2022-01-12 L3 Experimental document command parser
) (/usr/share/texlive/texmf-dist/tex/latex/xpatch/xpatch.sty
Package: xpatch 2020/03/25 v0.3a Extending etoolbox patching commands
)
Package biblatex Info: Trying to load bibliography style 'standard'...
Package biblatex Info: ... file 'standard.bbx' found.
 (/usr/share/texlive/texmf-dist/tex/latex/biblatex/bbx/standard.bbx
File: standard.bbx 2022/02/02 v3.17 biblatex bibliography style (PK/MW)
\c@bbx:relatedcount=\count452
\c@bbx:relatedtotal=\count453
)))
Package biblatex Info: Trying to load citation style 'abnt-numeric'...
Package biblatex Info: ... file 'abnt-numeric.cbx' found.
 (/usr/share/texlive/texmf-dist/tex/latex/biblatex-abnt/abnt-numeric.cbx
File: abnt-numeric.cbx 2018-11-17 v3.4 ABNT BibLaTeX citation style
Package biblatex Info: Trying to load citation style 'numeric'...
Package biblatex Info: ... file 'numeric.cbx' found.
 (/usr/share/texlive/texmf-dist/tex/latex/biblatex/cbx/numeric.cbx
File: numeric.cbx 2022/02/02 v3.17 biblatex citation style (PK/MW)
Package biblatex Info: Redefining '\cite'.
Package biblatex Info: Redefining '\parencite'.
Package biblatex Info: Redefining '\footcite'.
Package biblatex Info: Redefining '\footcitetext'.
Package biblatex Info: Redefining '\smartcite'.
Package biblatex Info: Redefining '\supercite'.
Package biblatex Info: Redefining '\textcite'.
Package biblatex Info: Redefining '\textcites'.
Package biblatex Info: Redefining '\cites'.
Package biblatex Info: Redefining '\parencites'.
Package biblatex Info: Redefining '\smartcites'.
)
\c@cbx@tempcnta=\count454
\c@cbx@tempcntb=\count455
Package biblatex Info: Redefining '\cite'.
Package biblatex Info: Redefining '\parencite'.
Package biblatex Info: Redefining '\footcite'.
Package biblatex Info: Redefining '\footcitetext'.
Package biblatex Info: Redefining '\smartcite'.
Package biblatex Info: Redefining '\supercite'.
Package biblatex Info: Redefining '\cbx@textcite'.
Package biblatex Info: Redefining '\textcite'.
Package biblatex Info: Redefining '\cbx@textcites'.
Package biblatex Info: Redefining '\textcites'.
Package biblatex Info: Redefining '\cites'.
Package biblatex Info: Redefining '\parencites'.
Package biblatex Info: Redefining '\smartcites'.
)
Package biblatex Info: Trying to load configuration file...
Package biblatex Info: ... file 'biblatex.cfg' found.
 (/usr/share/texlive/texmf-dist/tex/latex/biblatex/biblatex.cfg
File: biblatex.cfg 
)
Package biblatex Info: Input encoding 'utf8' detected.
Package biblatex Info: Document encoding is UTF8 ....
Package biblatex Info: ... and expl3
(biblatex)             2022-01-21 L3 programming layer (loader) 
(biblatex)             is new enough (at least 2020/04/06),
(biblatex)             setting 'casechanger=expl3'.
 (/usr/share/texlive/texmf-dist/tex/latex/biblatex/blx-case-expl3.sty
Package: blx-case-expl3 2022/02/02 v3.17 expl3 case changing code for biblatex
)) (/usr/share/texlive/texmf-dist/tex/latex/listings/listings.sty
\lst@mode=\count456
\lst@gtempboxa=\box99
\lst@token=\toks45
\lst@length=\count457
\lst@currlwidth=\dimen297
\lst@column=\count458
\lst@pos=\count459
\lst@lostspace=\dimen298
\lst@width=\dimen299
\lst@newlines=\count460
\lst@lineno=\count461
\lst@maxwidth=\dimen300
 (/usr/share/texlive/texmf-dist/tex/latex/listings/lstmisc.sty
File: lstmisc.sty 2020/03/24 1.8d (Carsten Heinz)
\c@lstnumber=\count462
\lst@skipnumbers=\count463
\lst@framebox=\box100
) (/usr/share/texlive/texmf-dist/tex/latex/listings/listings.cfg
File: listings.cfg 2020/03/24 1.8d listings configuration
))
Package: listings 2020/03/24 1.8d (Carsten Heinz)
 (/usr/share/texlive/texmf-dist/tex/latex/acronym/acronym.sty
Package: acronym 2020/04/17 v1.47 Support for acronyms (Tobias Oetiker)
 (/usr/share/texlive/texmf-dist/tex/latex/bigfoot/suffix.sty
Package: suffix 2006/07/15 1.5a Variant command support
) (/usr/share/texlive/texmf-dist/tex/generic/xstring/xstring.sty
(/usr/share/texlive/texmf-dist/tex/generic/xstring/xstring.tex
\integerpart=\count464
\decimalpart=\count465
)
Package: xstring 2021/07/21 v1.84 String manipulations (CT)
)
\AC@clearlist=\toks46
) (/usr/share/texlive/texmf-dist/tex/latex/algorithm2e/algorithm2e.sty
Package: algorithm2e 2017/07/18 v5.2 algorithms environments
\c@AlgoLine=\count466
\algocf@hangindent=\skip90
 (/usr/share/texlive/texmf-dist/tex/latex/ifoddpage/ifoddpage.sty
Package: ifoddpage 2016/04/23 v1.1 Conditionals for odd/even page detection
\c@checkoddpage=\count467
) (/usr/share/texlive/texmf-dist/tex/latex/tools/xspace.sty
Package: xspace 2014/10/28 v1.13 Space after command names (DPC,MH)
) (/usr/share/texlive/texmf-dist/tex/latex/relsize/relsize.sty
Package: relsize 2013/03/29 ver 4.1
)
\skiptotal=\skip91
\skiplinenumber=\skip92
\skiprule=\skip93
\skiphlne=\skip94
\skiptext=\skip95
\skiplength=\skip96
\algomargin=\skip97
\skipalgocfslide=\skip98
\algowidth=\dimen301
\inoutsize=\dimen302
\inoutindent=\dimen303
\interspacetitleruled=\dimen304
\interspacealgoruled=\dimen305
\interspacetitleboxruled=\dimen306
\algocf@ruledwidth=\skip99
\algocf@inoutbox=\box101
\algocf@inputbox=\box102
\AlCapSkip=\skip100
\AlCapHSkip=\skip101
\algoskipindent=\skip102
\algocf@nlbox=\box103
\algocf@hangingbox=\box104
\algocf@untilbox=\box105
\algocf@skipuntil=\skip103
\algocf@capbox=\box106
\algocf@lcaptionbox=\skip104
\algoheightruledefault=\skip105
\algoheightrule=\skip106
\algotitleheightruledefault=\skip107
\algotitleheightrule=\skip108
\c@algocfline=\count468
\c@algocfproc=\count469
\c@algocf=\count470
\algocf@algoframe=\box107
\algocf@algobox=\box108
) (/usr/share/texlive/texmf-dist/tex/latex/listings/lstlang1.sty
File: lstlang1.sty 2020/03/24 1.8d listings language file
)
Package biblatex Info: Redefining '\cite' on input line 51.
Package biblatex Info: Redefining '\parencite' on input line 60.
Package biblatex Info: Redefining '\cbx@textcite' on input line 133.


Package biblatex Warning: 'babel/polyglossia' detected but 'csquotes' missing.
(biblatex)                Loading 'csquotes' recommended.

\@quotelevel=\count471
\@quotereset=\count472
(./thesis.aux)
\openout1 = `thesis.aux'.

LaTeX Font Info:    Checking defaults for OML/cmm/m/it on input line 153.
LaTeX Font Info:    ... okay on input line 153.
LaTeX Font Info:    Checking defaults for OMS/cmsy/m/n on input line 153.
LaTeX Font Info:    ... okay on input line 153.
LaTeX Font Info:    Checking defaults for OT1/cmr/m/n on input line 153.
LaTeX Font Info:    ... okay on input line 153.
LaTeX Font Info:    Checking defaults for T1/cmr/m/n on input line 153.
LaTeX Font Info:    ... okay on input line 153.
LaTeX Font Info:    Checking defaults for TS1/cmr/m/n on input line 153.
LaTeX Font Info:    ... okay on input line 153.
LaTeX Font Info:    Checking defaults for OMX/cmex/m/n on input line 153.
LaTeX Font Info:    ... okay on input line 153.
LaTeX Font Info:    Checking defaults for U/cmr/m/n on input line 153.
LaTeX Font Info:    ... okay on input line 153.
LaTeX Font Info:    Checking defaults for PD1/pdf/m/n on input line 153.
LaTeX Font Info:    ... okay on input line 153.
LaTeX Font Info:    Checking defaults for PU/pdf/m/n on input line 153.
LaTeX Font Info:    ... okay on input line 153.
Package lastpage Info: Please have a look at the pageslts package at
(lastpage)             https://www.ctan.org/pkg/pageslts
(lastpage)             ! on input line 153.
Package hyperref Info: Link coloring OFF on input line 153.
 (/usr/share/texlive/texmf-dist/tex/latex/hyperref/nameref.sty
Package: nameref 2021-04-02 v2.47 Cross-referencing by name of section
 (/usr/share/texlive/texmf-dist/tex/latex/refcount/refcount.sty
Package: refcount 2019/12/15 v3.6 Data extraction from label references (HO)
) (/usr/share/texlive/texmf-dist/tex/generic/gettitlestring/gettitlestring.sty
Package: gettitlestring 2019/12/15 v1.6 Cleanup title references (HO)
)
\c@section@level=\count473
)
LaTeX Info: Redefining \ref on input line 153.
LaTeX Info: Redefining \pageref on input line 153.
LaTeX Info: Redefining \nameref on input line 153.
\@outlinefile=\write5
\openout5 = `thesis.out'.

 (/usr/share/texlive/texmf-dist/tex/context/base/mkii/supp-pdf.mkii
[Loading MPS to PDF converter (version 2006.09.02).]
\scratchcounter=\count474
\scratchdimen=\dimen307
\scratchbox=\box109
\nofMPsegments=\count475
\nofMParguments=\count476
\everyMPshowfont=\toks47
\MPscratchCnt=\count477
\MPscratchDim=\dimen308
\MPnumerator=\count478
\makeMPintoPDFobject=\count479
\everyMPtoPDFconversion=\toks48
) (/usr/share/texlive/texmf-dist/tex/latex/epstopdf-pkg/epstopdf-base.sty
Package: epstopdf-base 2020-01-24 v2.11 Base part for package epstopdf
Package epstopdf-base Info: Redefining graphics rule for `.eps' on input line 485.
 (/usr/share/texlive/texmf-dist/tex/latex/latexconfig/epstopdf-sys.cfg
File: epstopdf-sys.cfg 2010/07/13 v1.3 Configuration of (r)epstopdf for TeX Live
))
*geometry* detected driver: pdftex
*geometry* verbose mode - [ preamble ] result:
* driver: pdftex
* paper: a4paper
* layout: <same size as paper>
* layoutoffset:(h,v)=(0.0pt,0.0pt)
* vratio: 1:1
* modes: 
* h-part:(L,W,R)=(85.35826pt, 426.79135pt, 85.35826pt)
* v-part:(T,H,B)=(71.13188pt, 702.78308pt, 71.13188pt)
* \paperwidth=597.50787pt
* \paperheight=845.04684pt
* \textwidth=426.79135pt
* \textheight=702.78308pt
* \oddsidemargin=13.08827pt
* \evensidemargin=13.08827pt
* \topmargin=-33.0119pt
* \headheight=12.0pt
* \headsep=19.8738pt
* \topskip=12.0pt
* \footskip=30.0pt
* \marginparwidth=38.0pt
* \marginparsep=7.0pt
* \columnsep=10.0pt
* \skip\footins=10.8pt plus 4.0pt minus 2.0pt
* \hoffset=0.0pt
* \voffset=0.0pt
* \mag=1000
* \@twocolumnfalse
* \@twosidefalse
* \@mparswitchfalse
* \@reversemarginfalse
* (1in=72.27pt=25.4mm, 1cm=28.453pt)

Package biblatex Info: Trying to load language 'brazil' -> 'brazil-abnt'...
Package biblatex Info: ... file 'brazil-abnt.lbx' found.
(/usr/share/texlive/texmf-dist/tex/latex/biblatex-abnt/brazil-abnt.lbx
File: brazil-abnt.lbx 2018-11-17 v3.4 ABNT BibLaTeX citation style


Package biblatex Warning: File 'brazilian-abnt-abnt.lbx' not found!
(biblatex)                Ignoring mapping 'brazilian-abnt' -> 'brazilian-abnt-abnt'.

Package biblatex Info: Trying to load language 'brazilian-abnt'...
Package biblatex Info: ... file 'brazilian-abnt.lbx' found.
(/usr/share/texlive/texmf-dist/tex/latex/biblatex-abnt/brazilian-abnt.lbx
File: brazilian-abnt.lbx 2018-11-17 v3.4 ABNT BibLaTeX citation style
Package biblatex Info: Trying to load language 'brazilian' -> 'brazilian-abnt'...
Package biblatex Info: ... file 'brazilian-abnt.lbx' found.
 (/usr/share/texlive/texmf-dist/tex/latex/biblatex-abnt/brazilian-abnt.lbx
File: brazilian-abnt.lbx 2018-11-17 v3.4 ABNT BibLaTeX citation style
Package biblatex Info: Trying to load language 'brazilian'...
Package biblatex Info: ... file 'brazilian.lbx' found.
 (/usr/share/texlive/texmf-dist/tex/latex/biblatex/lbx/brazilian.lbx
File: brazilian.lbx 2022/02/02 v3.17 biblatex localization (PK/MW)
)))
Package biblatex Info: Trying to load language 'brazilian-abnt'...
Package biblatex Info: ... file 'brazilian-abnt.lbx' found.
 (/usr/share/texlive/texmf-dist/tex/latex/biblatex-abnt/brazilian-abnt.lbx
File: brazilian-abnt.lbx 2018-11-17 v3.4 ABNT BibLaTeX citation style
Package biblatex Info: Trying to load language 'brazilian' -> 'brazilian-abnt'...
Package biblatex Info: ... file 'brazilian-abnt.lbx' found.
 (/usr/share/texlive/texmf-dist/tex/latex/biblatex-abnt/brazilian-abnt.lbx
File: brazilian-abnt.lbx 2018-11-17 v3.4 ABNT BibLaTeX citation style
Package biblatex Info: Trying to load language 'brazilian'...
Package biblatex Info: ... file 'brazilian.lbx' found.
 (/usr/share/texlive/texmf-dist/tex/latex/biblatex/lbx/brazilian.lbx
File: brazilian.lbx 2022/02/02 v3.17 biblatex localization (PK/MW)
)
Package biblatex Info: Trying to load language 'brazil'...
Package biblatex Info: ... file 'brazil.lbx' found.
 (/usr/share/texlive/texmf-dist/tex/latex/biblatex/lbx/brazil.lbx
File: brazil.lbx 2022/02/02 v3.17 biblatex localization (PK/MW)
Package biblatex Info: Trying to load language 'brazilian'...
Package biblatex Info: ... file 'brazilian.lbx' found.
 (/usr/share/texlive/texmf-dist/tex/latex/biblatex/lbx/brazilian.lbx
File: brazilian.lbx 2022/02/02 v3.17 biblatex localization (PK/MW)
)))
Package biblatex Info: Trying to load language 'brazil'...
Package biblatex Info: ... file 'brazil.lbx' found.
 (/usr/share/texlive/texmf-dist/tex/latex/biblatex/lbx/brazil.lbx
File: brazil.lbx 2022/02/02 v3.17 biblatex localization (PK/MW)
Package biblatex Info: Trying to load language 'brazilian' -> 'brazilian-abnt'...
Package biblatex Info: ... file 'brazilian-abnt.lbx' found.
 (/usr/share/texlive/texmf-dist/tex/latex/biblatex-abnt/brazilian-abnt.lbx
File: brazilian-abnt.lbx 2018-11-17 v3.4 ABNT BibLaTeX citation style
Package biblatex Info: Trying to load language 'brazilian'...
Package biblatex Info: ... file 'brazilian.lbx' found.
 (/usr/share/texlive/texmf-dist/tex/latex/biblatex/lbx/brazilian.lbx
File: brazilian.lbx 2022/02/02 v3.17 biblatex localization (PK/MW)
)
Package biblatex Info: Trying to load language 'brazil'...
Package biblatex Info: ... file 'brazil.lbx' found.
 (/usr/share/texlive/texmf-dist/tex/latex/biblatex/lbx/brazil.lbx
File: brazil.lbx 2022/02/02 v3.17 biblatex localization (PK/MW)
Package biblatex Info: Trying to load language 'brazilian'...
Package biblatex Info: ... file 'brazilian.lbx' found.
 (/usr/share/texlive/texmf-dist/tex/latex/biblatex/lbx/brazilian.lbx
File: brazilian.lbx 2022/02/02 v3.17 biblatex localization (PK/MW)
))))))
Package biblatex Info: Trying to load language 'english' -> 'english-abnt'...
Package biblatex Info: ... file 'english-abnt.lbx' found.
 (/usr/share/texlive/texmf-dist/tex/latex/biblatex-abnt/english-abnt.lbx
File: english-abnt.lbx 2018-11-17 v3.4 ABNT BibLaTeX citation style
Package biblatex Info: Trying to load language 'english'...
Package biblatex Info: ... file 'english.lbx' found.
 (/usr/share/texlive/texmf-dist/tex/latex/biblatex/lbx/english.lbx
File: english.lbx 2022/02/02 v3.17 biblatex localization (PK/MW)
)
Package biblatex Info: Trying to load language 'english'...
Package biblatex Info: ... file 'english.lbx' found.
 (/usr/share/texlive/texmf-dist/tex/latex/biblatex/lbx/english.lbx
File: english.lbx 2022/02/02 v3.17 biblatex localization (PK/MW)
)
Package biblatex Info: Trying to load language 'english'...
Package biblatex Info: ... file 'english.lbx' found.
 (/usr/share/texlive/texmf-dist/tex/latex/biblatex/lbx/english.lbx
File: english.lbx 2022/02/02 v3.17 biblatex localization (PK/MW)
))
Package biblatex Info: Input encoding 'utf8' detected.
Package biblatex Info: Automatic encoding selection.
(biblatex)             Assuming data encoding 'utf8'.
\openout4 = `thesis.bcf'.

Package biblatex Info: Trying to load bibliographic data...
Package biblatex Info: ... file 'thesis.bbl' found.
 (./thesis.bbl)
Package biblatex Info: Reference section=0 on input line 153.
Package biblatex Info: Reference segment=0 on input line 153.
\c@lstlisting=\count480
<Imagens/Logo_UFRJ.png, id=7, 211.0284pt x 258.7266pt>
File: Imagens/Logo_UFRJ.png Graphic file (type png)
<use Imagens/Logo_UFRJ.png>
Package pdftex.def Info: Imagens/Logo_UFRJ.png  used on input line 165.
(pdftex.def)             Requested size: 64.01608pt x 78.48709pt.
<Imagens/Logo_EPUFRJ_2020.png, id=9, 845.0772pt x 597.432pt>
File: Imagens/Logo_EPUFRJ_2020.png Graphic file (type png)
<use Imagens/Logo_EPUFRJ_2020.png>
Package pdftex.def Info: Imagens/Logo_EPUFRJ_2020.png  used on input line 165.
(pdftex.def)             Requested size: 149.37958pt x 105.60051pt.

Overfull \hbox (85.35695pt too wide) in paragraph at lines 165--165
 [][][] 
 []


Underfull \hbox (badness 10000) in paragraph at lines 165--165
\T1/cmr/m/n/12 DE ENGENHARIA ELTRICA DA ESCOLA POLITCNICA DA
 []


Underfull \hbox (badness 10000) in paragraph at lines 165--165
\T1/cmr/m/n/12 UNIVERSIDADE FEDERAL DO RIO DE JANEIRO COMO PARTE
 []

LaTeX Font Info:    Trying to load font information for U+msa on input line 165.
(/usr/share/texlive/texmf-dist/tex/latex/amsfonts/umsa.fd
File: umsa.fd 2013/01/14 v3.01 AMS symbols A
)
LaTeX Font Info:    Trying to load font information for U+msb on input line 165.
 (/usr/share/texlive/texmf-dist/tex/latex/amsfonts/umsb.fd
File: umsb.fd 2013/01/14 v3.01 AMS symbols B
) [2


{/var/lib/texmf/fonts/map/pdftex/updmap/pdftex.map} <./Imagens/Logo_UFRJ.png> <./Imagens/Logo_EPUFRJ_2020.png>]
Underfull \hbox (badness 2189) in paragraph at lines 165--165
[]\T1/cmr/m/n/12 Controle preditivo baseado em Deep Learning de
 []


Underfull \hbox (badness 1019) in paragraph at lines 165--165
\T1/cmr/m/n/12 geometria de cordo simples fundido por Manufatura
 []


LaTeX Warning: Reference `front:pageno' on page iii undefined on input line 165.


LaTeX Warning: Reference `LastPage' on page iii undefined on input line 165.


Underfull \hbox (badness 1019) in paragraph at lines 165--165
\T1/cmr/m/n/12 geometria de cordo simples fundido por Manufatura
 []

(./Pre-textual/thanks.tex [3

]) (./Pre-textual/resumo.tex [4

] [5

]) (./Pre-textual/abstract.tex [6]) [7

]
\tf@toc=\write6
\openout6 = `thesis.toc'.

 [8

]
\tf@lof=\write7
\openout7 = `thesis.lof'.

 [9

]
\tf@lot=\write8
\openout8 = `thesis.lot'.

 (./Pre-textual/abbrev.tex [10

]

LaTeX Warning: Hyper reference `acro:CNC' on page xi undefined on input line 3.


LaTeX Warning: Hyper reference `acro:CNC' on page xi undefined on input line 3.


LaTeX Warning: Hyper reference `acro:CNN' on page xi undefined on input line 4.


LaTeX Warning: Hyper reference `acro:CNN' on page xi undefined on input line 4.


LaTeX Warning: Hyper reference `acro:DDP' on page xi undefined on input line 5.


LaTeX Warning: Hyper reference `acro:DDP' on page xi undefined on input line 5.


LaTeX Warning: Hyper reference `acro:GMAW' on page xi undefined on input line 6.


LaTeX Warning: Hyper reference `acro:GMAW' on page xi undefined on input line 6.


LaTeX Warning: Hyper reference `acro:GTAW' on page xi undefined on input line 7.


LaTeX Warning: Hyper reference `acro:GTAW' on page xi undefined on input line 7.


LaTeX Warning: Hyper reference `acro:IDP' on page xi undefined on input line 8.


LaTeX Warning: Hyper reference `acro:IDP' on page xi undefined on input line 8.


LaTeX Warning: Hyper reference `acro:LSTM' on page xi undefined on input line 9.


LaTeX Warning: Hyper reference `acro:LSTM' on page xi undefined on input line 9.


LaTeX Warning: Hyper reference `acro:MA' on page xi undefined on input line 10.


LaTeX Warning: Hyper reference `acro:MA' on page xi undefined on input line 10.


LaTeX Warning: Hyper reference `acro:ML' on page xi undefined on input line 11.


LaTeX Warning: Hyper reference `acro:ML' on page xi undefined on input line 11.


LaTeX Warning: Hyper reference `acro:MLP' on page xi undefined on input line 12.


LaTeX Warning: Hyper reference `acro:MLP' on page xi undefined on input line 12.


LaTeX Warning: Hyper reference `acro:MPC' on page xi undefined on input line 13.


LaTeX Warning: Hyper reference `acro:MPC' on page xi undefined on input line 13.


LaTeX Warning: Hyper reference `acro:PAW' on page xi undefined on input line 14.


LaTeX Warning: Hyper reference `acro:PAW' on page xi undefined on input line 14.


LaTeX Warning: Hyper reference `acro:RNN' on page xi undefined on input line 15.


LaTeX Warning: Hyper reference `acro:RNN' on page xi undefined on input line 15.


LaTeX Warning: Hyper reference `acro:STL' on page xi undefined on input line 16.


LaTeX Warning: Hyper reference `acro:STL' on page xi undefined on input line 16.


LaTeX Warning: Hyper reference `acro:TS' on page xi undefined on input line 17.


LaTeX Warning: Hyper reference `acro:TS' on page xi undefined on input line 17.


LaTeX Warning: Hyper reference `acro:WAAM' on page xi undefined on input line 18.


LaTeX Warning: Hyper reference `acro:WAAM' on page xi undefined on input line 18.


LaTeX Warning: Hyper reference `acro:WFS' on page xi undefined on input line 19.


LaTeX Warning: Hyper reference `acro:WFS' on page xi undefined on input line 19.

) [11

] (./Textual/chapter04.tex
Cap\'{\i }tulo 1.

LaTeX Warning: Reference `fig:sim_inputs_raw' on page 1 undefined on input line 5.


LaTeX Warning: Reference `tab:params_aprbs' on page 1 undefined on input line 5.

<Imagens/chap04/simulation_inputs_train_raw.png, id=83, 867.24pt x 433.62pt>
File: Imagens/chap04/simulation_inputs_train_raw.png Graphic file (type png)
<use Imagens/chap04/simulation_inputs_train_raw.png>
Package pdftex.def Info: Imagens/chap04/simulation_inputs_train_raw.png  used on input line 9.
(pdftex.def)             Requested size: 341.43437pt x 170.71892pt.
<Imagens/chap04/simulation_inputs_test_raw.png, id=84, 867.24pt x 433.62pt>
File: Imagens/chap04/simulation_inputs_test_raw.png Graphic file (type png)
<use Imagens/chap04/simulation_inputs_test_raw.png>
Package pdftex.def Info: Imagens/chap04/simulation_inputs_test_raw.png  used on input line 11.
(pdftex.def)             Requested size: 341.43437pt x 170.71892pt.

LaTeX Warning: Reference `fig:sim_outputs_raw' on page 1 undefined on input line 16.

<Imagens/chap04/simulation_outputs_train_raw.png, id=85, 867.24pt x 433.62pt>
File: Imagens/chap04/simulation_outputs_train_raw.png Graphic file (type png)
<use Imagens/chap04/simulation_outputs_train_raw.png>
Package pdftex.def Info: Imagens/chap04/simulation_outputs_train_raw.png  used on input line 20.
(pdftex.def)             Requested size: 341.43437pt x 170.71892pt.
<Imagens/chap04/simulation_outputs_test_raw.png, id=86, 867.24pt x 433.62pt>
File: Imagens/chap04/simulation_outputs_test_raw.png Graphic file (type png)
<use Imagens/chap04/simulation_outputs_test_raw.png>
Package pdftex.def Info: Imagens/chap04/simulation_outputs_test_raw.png  used on input line 22.
(pdftex.def)             Requested size: 341.43437pt x 170.71892pt.

LaTeX Warning: Reference `fig:exp_inputs_raw' on page 1 undefined on input line 28.

<Imagens/chap04/experiment_inputs_train_raw.png, id=87, 867.24pt x 433.62pt>
File: Imagens/chap04/experiment_inputs_train_raw.png Graphic file (type png)
<use Imagens/chap04/experiment_inputs_train_raw.png>
Package pdftex.def Info: Imagens/chap04/experiment_inputs_train_raw.png  used on input line 31.
(pdftex.def)             Requested size: 341.43437pt x 170.71892pt.
<Imagens/chap04/experiment_inputs_test_raw.png, id=88, 867.24pt x 433.62pt>
File: Imagens/chap04/experiment_inputs_test_raw.png Graphic file (type png)
<use Imagens/chap04/experiment_inputs_test_raw.png>
Package pdftex.def Info: Imagens/chap04/experiment_inputs_test_raw.png  used on input line 33.
(pdftex.def)             Requested size: 341.43437pt x 170.71892pt.

LaTeX Warning: Reference `fig:exp_outputs_raw' on page 1 undefined on input line 38.

<Imagens/chap04/experiment_outputs_train_raw.png, id=89, 867.24pt x 433.62pt>
File: Imagens/chap04/experiment_outputs_train_raw.png Graphic file (type png)
<use Imagens/chap04/experiment_outputs_train_raw.png>
Package pdftex.def Info: Imagens/chap04/experiment_outputs_train_raw.png  used on input line 41.
(pdftex.def)             Requested size: 341.43437pt x 170.71892pt.
<Imagens/chap04/experiment_outputs_test_raw.png, id=90, 867.24pt x 433.62pt>
File: Imagens/chap04/experiment_outputs_test_raw.png Graphic file (type png)
<use Imagens/chap04/experiment_outputs_test_raw.png>
Package pdftex.def Info: Imagens/chap04/experiment_outputs_test_raw.png  used on input line 43.
(pdftex.def)             Requested size: 341.43437pt x 170.71892pt.
[1


]

LaTeX Warning: Reference `fig:sim_inputs' on page 2 undefined on input line 51.


LaTeX Warning: Reference `fig:sim_outputs' on page 2 undefined on input line 51.

<Imagens/chap04/simulation_inputs_train.png, id=102, 867.24pt x 433.62pt>
File: Imagens/chap04/simulation_inputs_train.png Graphic file (type png)
<use Imagens/chap04/simulation_inputs_train.png>
Package pdftex.def Info: Imagens/chap04/simulation_inputs_train.png  used on input line 55.
(pdftex.def)             Requested size: 341.43437pt x 170.71892pt.
<Imagens/chap04/simulation_inputs_test.png, id=103, 867.24pt x 433.62pt>
File: Imagens/chap04/simulation_inputs_test.png Graphic file (type png)
<use Imagens/chap04/simulation_inputs_test.png>
Package pdftex.def Info: Imagens/chap04/simulation_inputs_test.png  used on input line 57.
(pdftex.def)             Requested size: 341.43437pt x 170.71892pt.
<Imagens/chap04/simulation_outputs_train.png, id=104, 867.24pt x 433.62pt>
File: Imagens/chap04/simulation_outputs_train.png Graphic file (type png)
<use Imagens/chap04/simulation_outputs_train.png>
Package pdftex.def Info: Imagens/chap04/simulation_outputs_train.png  used on input line 65.
(pdftex.def)             Requested size: 341.43437pt x 170.71892pt.
<Imagens/chap04/simulation_outputs_test.png, id=105, 867.24pt x 433.62pt>
File: Imagens/chap04/simulation_outputs_test.png Graphic file (type png)
<use Imagens/chap04/simulation_outputs_test.png>
Package pdftex.def Info: Imagens/chap04/simulation_outputs_test.png  used on input line 67.
(pdftex.def)             Requested size: 341.43437pt x 170.71892pt.

LaTeX Warning: Reference `fig:exp_inputs' on page 2 undefined on input line 73.


LaTeX Warning: Reference `fig:exp_outputs' on page 2 undefined on input line 73.

<Imagens/chap04/experiment_inputs_train.png, id=106, 867.24pt x 433.62pt>
File: Imagens/chap04/experiment_inputs_train.png Graphic file (type png)
<use Imagens/chap04/experiment_inputs_train.png>
Package pdftex.def Info: Imagens/chap04/experiment_inputs_train.png  used on input line 77.
(pdftex.def)             Requested size: 341.43437pt x 170.71892pt.
<Imagens/chap04/experiment_inputs_test.png, id=107, 867.24pt x 433.62pt>
File: Imagens/chap04/experiment_inputs_test.png Graphic file (type png)
<use Imagens/chap04/experiment_inputs_test.png>
Package pdftex.def Info: Imagens/chap04/experiment_inputs_test.png  used on input line 79.
(pdftex.def)             Requested size: 341.43437pt x 170.71892pt.
<Imagens/chap04/experiment_outputs_train.png, id=108, 867.24pt x 433.62pt>
File: Imagens/chap04/experiment_outputs_train.png Graphic file (type png)
<use Imagens/chap04/experiment_outputs_train.png>
Package pdftex.def Info: Imagens/chap04/experiment_outputs_train.png  used on input line 86.
(pdftex.def)             Requested size: 341.43437pt x 170.71892pt.
<Imagens/chap04/experiment_outputs_test.png, id=109, 867.24pt x 433.62pt>
File: Imagens/chap04/experiment_outputs_test.png Graphic file (type png)
<use Imagens/chap04/experiment_outputs_test.png>
Package pdftex.def Info: Imagens/chap04/experiment_outputs_test.png  used on input line 88.
(pdftex.def)             Requested size: 341.43437pt x 170.71892pt.

LaTeX Warning: Reference `fig:sim_hp_metrics' on page 2 undefined on input line 96.

<Imagens/chap04/simulation_hp_metrics_16.png, id=110, 578.16pt x 433.62pt>
File: Imagens/chap04/simulation_hp_metrics_16.png Graphic file (type png)
<use Imagens/chap04/simulation_hp_metrics_16.png>
Package pdftex.def Info: Imagens/chap04/simulation_hp_metrics_16.png  used on input line 100.
(pdftex.def)             Requested size: 298.75264pt x 224.06114pt.
<Imagens/chap04/simulation_hp_metrics_32.png, id=111, 578.16pt x 433.62pt>
File: Imagens/chap04/simulation_hp_metrics_32.png Graphic file (type png)
<use Imagens/chap04/simulation_hp_metrics_32.png>
Package pdftex.def Info: Imagens/chap04/simulation_hp_metrics_32.png  used on input line 102.
(pdftex.def)             Requested size: 298.75264pt x 224.06114pt.
<Imagens/chap04/simulation_hp_metrics_64.png, id=112, 578.16pt x 433.62pt>
File: Imagens/chap04/simulation_hp_metrics_64.png Graphic file (type png)
<use Imagens/chap04/simulation_hp_metrics_64.png>
Package pdftex.def Info: Imagens/chap04/simulation_hp_metrics_64.png  used on input line 104.
(pdftex.def)             Requested size: 298.75264pt x 224.06114pt.

LaTeX Warning: Float too large for page by 49.64961pt on input line 107.

[2pdfTeX warning (ext4): destination with the same identifier (name{figure.1.1}) has been already used, duplicate ignored
<argument> ...shipout:D \box_use:N \l_shipout_box 
                                                  \__shipout_drop_firstpage_...
l.107 \end{figure}
                   <./Imagens/chap04/simulation_inputs_train_raw.png> <./Imagens/chap04/simulation_inputs_test_raw.png>]

LaTeX Warning: Reference `fig:exp_hp_metrics' on page 3 undefined on input line 112.

<Imagens/chap04/experiment_hp_metrics_16.png, id=123, 578.16pt x 433.62pt>
File: Imagens/chap04/experiment_hp_metrics_16.png Graphic file (type png)
<use Imagens/chap04/experiment_hp_metrics_16.png>
Package pdftex.def Info: Imagens/chap04/experiment_hp_metrics_16.png  used on input line 116.
(pdftex.def)             Requested size: 298.75264pt x 224.06114pt.
<Imagens/chap04/experiment_hp_metrics_32.png, id=124, 578.16pt x 433.62pt>
File: Imagens/chap04/experiment_hp_metrics_32.png Graphic file (type png)
<use Imagens/chap04/experiment_hp_metrics_32.png>
Package pdftex.def Info: Imagens/chap04/experiment_hp_metrics_32.png  used on input line 118.
(pdftex.def)             Requested size: 298.75264pt x 224.06114pt.
<Imagens/chap04/experiment_hp_metrics_64.png, id=125, 578.16pt x 433.62pt>
File: Imagens/chap04/experiment_hp_metrics_64.png Graphic file (type png)
<use Imagens/chap04/experiment_hp_metrics_64.png>
Package pdftex.def Info: Imagens/chap04/experiment_hp_metrics_64.png  used on input line 120.
(pdftex.def)             Requested size: 298.75264pt x 224.06114pt.

LaTeX Warning: Float too large for page by 49.64961pt on input line 123.

[3pdfTeX warning (ext4): destination with the same identifier (name{figure.1.2}) has been already used, duplicate ignored
<argument> ...shipout:D \box_use:N \l_shipout_box 
                                                  \__shipout_drop_firstpage_...
l.123 \end{figure}
                   <./Imagens/chap04/simulation_outputs_train_raw.png> <./Imagens/chap04/simulation_outputs_test_raw.png>]

LaTeX Warning: Reference `fig:lstm_prediction' on page 4 undefined on input line 129.

<Imagens/chap04/simulation_lstm_prediction.png, id=137, 867.24pt x 433.62pt>
File: Imagens/chap04/simulation_lstm_prediction.png Graphic file (type png)
<use Imagens/chap04/simulation_lstm_prediction.png>
Package pdftex.def Info: Imagens/chap04/simulation_lstm_prediction.png  used on input line 132.
(pdftex.def)             Requested size: 298.75264pt x 149.3741pt.

LaTeX Warning: Reference `fig:sim_error_histogram' on page 4 undefined on input line 137.

[4pdfTeX warning (ext4): destination with the same identifier (name{figure.1.3}) has been already used, duplicate ignored
<argument> ...shipout:D \box_use:N \l_shipout_box 
                                                  \__shipout_drop_firstpage_...
l.138 
       <./Imagens/chap04/experiment_inputs_train_raw.png> <./Imagens/chap04/experiment_inputs_test_raw.png>]
<Imagens/chap04/simulation_error_histogram.png, id=148, 722.7pt x 433.62pt>
File: Imagens/chap04/simulation_error_histogram.png Graphic file (type png)
<use Imagens/chap04/simulation_error_histogram.png>
Package pdftex.def Info: Imagens/chap04/simulation_error_histogram.png  used on input line 141.
(pdftex.def)             Requested size: 298.75264pt x 179.25421pt.


LaTeX Warning: Reference `fig:exp_lstm_prediction' on page 5 undefined on input line 149.

<Imagens/chap04/experiment_lstm_prediction.png, id=151, 867.24pt x 433.62pt>
File: Imagens/chap04/experiment_lstm_prediction.png Graphic file (type png)
<use Imagens/chap04/experiment_lstm_prediction.png>
Package pdftex.def Info: Imagens/chap04/experiment_lstm_prediction.png  used on input line 152.
(pdftex.def)             Requested size: 298.75264pt x 149.3741pt.

LaTeX Warning: Reference `fig:exp_error_histogram' on page 5 undefined on input line 157.

<Imagens/chap04/experiment_error_histogram.png, id=152, 722.7pt x 433.62pt>
File: Imagens/chap04/experiment_error_histogram.png Graphic file (type png)
<use Imagens/chap04/experiment_error_histogram.png>
Package pdftex.def Info: Imagens/chap04/experiment_error_histogram.png  used on input line 161.
(pdftex.def)             Requested size: 298.75264pt x 179.25421pt.
[5pdfTeX warning (ext4): destination with the same identifier (name{figure.1.4}) has been already used, duplicate ignored
<argument> ...shipout:D \box_use:N \l_shipout_box 
                                                  \__shipout_drop_firstpage_...
l.167 
       <./Imagens/chap04/experiment_outputs_train_raw.png> <./Imagens/chap04/experiment_outputs_test_raw.png>]

LaTeX Warning: Reference `fig:mpc_inputs' on page 6 undefined on input line 169.


LaTeX Warning: Reference `fig:mpc_outputs' on page 6 undefined on input line 169.

[6pdfTeX warning (ext4): destination with the same identifier (name{figure.1.5}) has been already used, duplicate ignored
<argument> ...shipout:D \box_use:N \l_shipout_box 
                                                  \__shipout_drop_firstpage_...
l.171 \newpage
               <./Imagens/chap04/simulation_inputs_train.png> <./Imagens/chap04/simulation_inputs_test.png>]
<Imagens/chap04/mpc_inputs.png, id=171, 867.24pt x 433.62pt>
File: Imagens/chap04/mpc_inputs.png Graphic file (type png)
<use Imagens/chap04/mpc_inputs.png>
Package pdftex.def Info: Imagens/chap04/mpc_inputs.png  used on input line 174.
(pdftex.def)             Requested size: 298.75264pt x 149.3741pt.
<Imagens/chap04/mpc_outputs.png, id=172, 867.24pt x 433.62pt>
File: Imagens/chap04/mpc_outputs.png Graphic file (type png)
<use Imagens/chap04/mpc_outputs.png>
Package pdftex.def Info: Imagens/chap04/mpc_outputs.png  used on input line 181.
(pdftex.def)             Requested size: 298.75264pt x 149.3741pt.


LaTeX Warning: Reference `tab:metrics_mpc' on page 7 undefined on input line 186.

[7pdfTeX warning (ext4): destination with the same identifier (name{figure.1.6}) has been already used, duplicate ignored
<argument> ...shipout:D \box_use:N \l_shipout_box 
                                                  \__shipout_drop_firstpage_...
l.188 \newpage
               <./Imagens/chap04/simulation_outputs_train.png> <./Imagens/chap04/simulation_outputs_test.png>]
./Textual/chapter04.tex:193: Missing $ inserted.
<inserted text> 
                $
l.193 ...  Sada & Overshoot (\%) & RMSE & \Delta
                                                   \bar{u} / u_{max} (\%) \\
I've inserted a begin-math/end-math symbol since I think
you left one out. Proceed, with fingers crossed.

./Textual/chapter04.tex:194: Missing $ inserted.
<inserted text> 
                $
l.194          \hline
                     
I've inserted something that you may have forgotten.
(See the <inserted text> above.)
With luck, this will get me unwedged. But if you
really didn't forget anything, try typing `2' now; then
my insertion and my current dilemma will both disappear.

./Textual/chapter04.tex:195: Missing $ inserted.
<inserted text> 
                $
l.195          $w_e$ & 12.82 & 6.28 \cdot
                                          10^{-9} & 1.8\\
I've inserted a begin-math/end-math symbol since I think
you left one out. Proceed, with fingers crossed.

./Textual/chapter04.tex:195: Missing $ inserted.
<inserted text> 
                $
l.195 ...     $w_e$ & 12.82 & 6.28 \cdot 10^{-9} &
                                                   1.8\\
I've inserted something that you may have forgotten.
(See the <inserted text> above.)
With luck, this will get me unwedged. But if you
really didn't forget anything, try typing `2' now; then
my insertion and my current dilemma will both disappear.

./Textual/chapter04.tex:196: Missing $ inserted.
<inserted text> 
                $
l.196          $h$ & 8.14 & 7.23 \cdot
                                       10^{-11} & 1.4 \\
I've inserted a begin-math/end-math symbol since I think
you left one out. Proceed, with fingers crossed.

./Textual/chapter04.tex:196: Missing $ inserted.
<inserted text> 
                $
l.196          $h$ & 8.14 & 7.23 \cdot 10^{-11} &
                                                  1.4 \\
I've inserted something that you may have forgotten.
(See the <inserted text> above.)
With luck, this will get me unwedged. But if you
really didn't forget anything, try typing `2' now; then
my insertion and my current dilemma will both disappear.

) (./Textual/chapter05.tex [8pdfTeX warning (ext4): destination with the same identifier (name{figure.1.7}) has been already used, duplicate ignored
<argument> ...shipout:D \box_use:N \l_shipout_box 
                                                  \__shipout_drop_firstpage_...
l.1 \chapter
            {Concluses}pdfTeX warning (ext4): destination with the same identifier (name{table.1.1}) has been already used, duplicate ignored
<argument> ...shipout:D \box_use:N \l_shipout_box 
                                                  \__shipout_drop_firstpage_...
l.1 \chapter
            {Concluses} <./Imagens/chap04/experiment_inputs_train.png> <./Imagens/chap04/experiment_inputs_test.png>] [9pdfTeX warning (ext4): destination with the same identifier (name{figure.1.8}) has been already used, duplicate ignored
<argument> ...shipout:D \box_use:N \l_shipout_box 
                                                  \__shipout_drop_firstpage_...
l.1 \chapter
            {Concluses} <./Imagens/chap04/experiment_outputs_train.png> <./Imagens/chap04/experiment_outputs_test.png>] [10pdfTeX warning (ext4): destination with the same identifier (name{figure.1.9}) has been already used, duplicate ignored
<argument> ...shipout:D \box_use:N \l_shipout_box 
                                                  \__shipout_drop_firstpage_...
l.1 \chapter
            {Concluses} <./Imagens/chap04/simulation_hp_metrics_16.png> <./Imagens/chap04/simulation_hp_metrics_32.png> <./Imagens/chap04/simulation_hp_metrics_64.png>] [11pdfTeX warning (ext4): destination with the same identifier (name{figure.1.10}) has been already used, duplicate ignored
<argument> ...shipout:D \box_use:N \l_shipout_box 
                                                  \__shipout_drop_firstpage_...
l.1 \chapter
            {Concluses} <./Imagens/chap04/experiment_hp_metrics_16.png> <./Imagens/chap04/experiment_hp_metrics_32.png> <./Imagens/chap04/experiment_hp_metrics_64.png>] [12pdfTeX warning (ext4): destination with the same identifier (name{figure.1.11}) has been already used, duplicate ignored
<argument> ...shipout:D \box_use:N \l_shipout_box 
                                                  \__shipout_drop_firstpage_...
l.1 \chapter
            {Concluses}pdfTeX warning (ext4): destination with the same identifier (name{figure.1.12}) has been already used, duplicate ignored
<argument> ...shipout:D \box_use:N \l_shipout_box 
                                                  \__shipout_drop_firstpage_...
l.1 \chapter
            {Concluses}pdfTeX warning (ext4): destination with the same identifier (name{figure.1.13}) has been already used, duplicate ignored
<argument> ...shipout:D \box_use:N \l_shipout_box 
                                                  \__shipout_drop_firstpage_...
l.1 \chapter
            {Concluses} <./Imagens/chap04/simulation_lstm_prediction.png> <./Imagens/chap04/simulation_error_histogram.png> <./Imagens/chap04/experiment_lstm_prediction.png>] [13pdfTeX warning (ext4): destination with the same identifier (name{figure.1.14}) has been already used, duplicate ignored
<argument> ...shipout:D \box_use:N \l_shipout_box 
                                                  \__shipout_drop_firstpage_...
l.1 \chapter
            {Concluses}pdfTeX warning (ext4): destination with the same identifier (name{figure.1.15}) has been already used, duplicate ignored
<argument> ...shipout:D \box_use:N \l_shipout_box 
                                                  \__shipout_drop_firstpage_...
l.1 \chapter
            {Concluses}pdfTeX warning (ext4): destination with the same identifier (name{figure.1.16}) has been already used, duplicate ignored
<argument> ...shipout:D \box_use:N \l_shipout_box 
                                                  \__shipout_drop_firstpage_...
l.1 \chapter
            {Concluses} <./Imagens/chap04/experiment_error_histogram.png> <./Imagens/chap04/mpc_inputs.png> <./Imagens/chap04/mpc_outputs.png>]
Cap\'{\i }tulo 2.
) [14

] 
AED: lastpage setting LastPage
[15


]

LaTeX Warning: Rerun to correct eqparbox widths.

(./thesis.aux)

LaTeX Warning: There were undefined references.


LaTeX Warning: Label(s) may have changed. Rerun to get cross-references right.


Package rerunfilecheck Warning: File `thesis.out' has changed.
(rerunfilecheck)                Rerun to get outlines right
(rerunfilecheck)                or use package `bookmark'.

Package rerunfilecheck Info: Checksums for `thesis.out':
(rerunfilecheck)             Before: <no file>
(rerunfilecheck)             After:  DC720DE8211838408BB7AE1C8D6EF4AF;2130.

Package biblatex Warning: Please (re)run Biber on the file:
(biblatex)                thesis
(biblatex)                and rerun LaTeX afterwards.

Package logreq Info: Writing requests to 'thesis.run.xml'.
\openout1 = `thesis.run.xml'.

 ) 
Here is how much of TeX's memory you used:
 37386 strings out of 478287
 726008 string characters out of 5849289
 1586763 words of memory out of 5000000
 54811 multiletter control sequences out of 15000+600000
 482991 words of font info for 58 fonts, out of 8000000 for 9000
 1141 hyphenation exceptions out of 8191
 84i,11n,89p,1185b,4312s stack positions out of 5000i,500n,10000p,200000b,80000s
{/usr/share/texmf/fonts/enc/dvips/cm-super/cm-super-t1.enc}</usr/share/texlive/texmf-dist/fonts/type1/public/amsfonts/cm/cmmi12.pfb></usr/share/texlive/texmf-dist/fonts/type1/public/amsfonts/cm/cmmi8.pfb></usr/share/texlive/texmf-dist/fonts/type1/public/amsfonts/cm/cmr12.pfb></usr/share/texlive/texmf-dist/fonts/type1/public/amsfonts/cm/cmr8.pfb></usr/share/texlive/texmf-dist/fonts/type1/public/amsfonts/cm/cmsy10.pfb></usr/share/texlive/texmf-dist/fonts/type1/public/amsfonts/cm/cmsy8.pfb></usr/share/texmf/fonts/type1/public/cm-super/sfbi1200.pfb></usr/share/texmf/fonts/type1/public/cm-super/sfbx1200.pfb></usr/share/texmf/fonts/type1/public/cm-super/sfbx1440.pfb></usr/share/texmf/fonts/type1/public/cm-super/sfbx1728.pfb></usr/share/texmf/fonts/type1/public/cm-super/sfbx2488.pfb></usr/share/texmf/fonts/type1/public/cm-super/sfrm1200.pfb></usr/share/texmf/fonts/type1/public/cm-super/sfti1200.pfb>
Output written on thesis.pdf (25 pages, 1489119 bytes).
PDF statistics:
 326 PDF objects out of 1000 (max. 8388607)
 208 compressed objects within 3 object streams
 84 named destinations out of 1000 (max. 500000)
 163 words of extra memory for PDF output out of 10000 (max. 10000000)

