Performing C SOURCE FILE Test CMAKE_HAVE_LIBC_PTHREAD failed with the following output:
Change Dir: /home/lbarbosa/Documents/Github/lstm-control-waam/gmaw_ros/build/CMakeFiles/CMakeTmp

Run Build Command(s):/usr/bin/make cmTC_a2562/fast && /usr/bin/make -f CMakeFiles/cmTC_a2562.dir/build.make CMakeFiles/cmTC_a2562.dir/build
make[1]: Entering directory '/home/lbarbosa/Documents/Github/lstm-control-waam/gmaw_ros/build/CMakeFiles/CMakeTmp'
Building C object CMakeFiles/cmTC_a2562.dir/src.c.o
/usr/bin/cc   -DCMAKE_HAVE_LIBC_PTHREAD   -o CMakeFiles/cmTC_a2562.dir/src.c.o   -c /home/lbarbosa/Documents/Github/lstm-control-waam/gmaw_ros/build/CMakeFiles/CMakeTmp/src.c
Linking C executable cmTC_a2562
/usr/bin/cmake -E cmake_link_script CMakeFiles/cmTC_a2562.dir/link.txt --verbose=1
/usr/bin/cc  -DCMAKE_HAVE_LIBC_PTHREAD    -rdynamic CMakeFiles/cmTC_a2562.dir/src.c.o  -o cmTC_a2562 
/usr/bin/ld: CMakeFiles/cmTC_a2562.dir/src.c.o: in function `main':
src.c:(.text+0x46): undefined reference to `pthread_create'
/usr/bin/ld: src.c:(.text+0x52): undefined reference to `pthread_detach'
/usr/bin/ld: src.c:(.text+0x63): undefined reference to `pthread_join'
collect2: error: ld returned 1 exit status
make[1]: *** [CMakeFiles/cmTC_a2562.dir/build.make:87: cmTC_a2562] Error 1
make[1]: Leaving directory '/home/lbarbosa/Documents/Github/lstm-control-waam/gmaw_ros/build/CMakeFiles/CMakeTmp'
make: *** [Makefile:121: cmTC_a2562/fast] Error 2


Source file was:
#include <pthread.h>

void* test_func(void* data)
{
  return data;
}

int main(void)
{
  pthread_t thread;
  pthread_create(&thread, NULL, test_func, NULL);
  pthread_detach(thread);
  pthread_join(thread, NULL);
  pthread_atfork(NULL, NULL, NULL);
  pthread_exit(NULL);

  return 0;
}

Determining if the function pthread_create exists in the pthreads failed with the following output:
Change Dir: /home/lbarbosa/Documents/Github/lstm-control-waam/gmaw_ros/build/CMakeFiles/CMakeTmp

Run Build Command(s):/usr/bin/make cmTC_f44a5/fast && /usr/bin/make -f CMakeFiles/cmTC_f44a5.dir/build.make CMakeFiles/cmTC_f44a5.dir/build
make[1]: Entering directory '/home/lbarbosa/Documents/Github/lstm-control-waam/gmaw_ros/build/CMakeFiles/CMakeTmp'
Building C object CMakeFiles/cmTC_f44a5.dir/CheckFunctionExists.c.o
/usr/bin/cc   -DCHECK_FUNCTION_EXISTS=pthread_create   -o CMakeFiles/cmTC_f44a5.dir/CheckFunctionExists.c.o   -c /usr/share/cmake-3.16/Modules/CheckFunctionExists.c
Linking C executable cmTC_f44a5
/usr/bin/cmake -E cmake_link_script CMakeFiles/cmTC_f44a5.dir/link.txt --verbose=1
/usr/bin/cc  -DCHECK_FUNCTION_EXISTS=pthread_create    -rdynamic CMakeFiles/cmTC_f44a5.dir/CheckFunctionExists.c.o  -o cmTC_f44a5  -lpthreads 
/usr/bin/ld: cannot find -lpthreads
collect2: error: ld returned 1 exit status
make[1]: *** [CMakeFiles/cmTC_f44a5.dir/build.make:87: cmTC_f44a5] Error 1
make[1]: Leaving directory '/home/lbarbosa/Documents/Github/lstm-control-waam/gmaw_ros/build/CMakeFiles/CMakeTmp'
make: *** [Makefile:121: cmTC_f44a5/fast] Error 2



Performing C SOURCE FILE Test CMAKE_HAVE_LIBC_PTHREAD failed with the following output:
Change Dir: /home/lbarbosa/Documents/Github/lstm-control-waam/cmt_ros/build/CMakeFiles/CMakeTmp

Run Build Command(s):/usr/bin/make cmTC_b2b8c/fast && /usr/bin/make -f CMakeFiles/cmTC_b2b8c.dir/build.make CMakeFiles/cmTC_b2b8c.dir/build
make[1]: Entering directory '/home/lbarbosa/Documents/Github/lstm-control-waam/cmt_ros/build/CMakeFiles/CMakeTmp'
Building C object CMakeFiles/cmTC_b2b8c.dir/src.c.o
/usr/bin/cc   -DCMAKE_HAVE_LIBC_PTHREAD   -o CMakeFiles/cmTC_b2b8c.dir/src.c.o   -c /home/lbarbosa/Documents/Github/lstm-control-waam/cmt_ros/build/CMakeFiles/CMakeTmp/src.c
Linking C executable cmTC_b2b8c
/usr/bin/cmake -E cmake_link_script CMakeFiles/cmTC_b2b8c.dir/link.txt --verbose=1
/usr/bin/cc  -DCMAKE_HAVE_LIBC_PTHREAD    -rdynamic CMakeFiles/cmTC_b2b8c.dir/src.c.o  -o cmTC_b2b8c 
/usr/bin/ld: CMakeFiles/cmTC_b2b8c.dir/src.c.o: in function `main':
src.c:(.text+0x46): undefined reference to `pthread_create'
/usr/bin/ld: src.c:(.text+0x52): undefined reference to `pthread_detach'
/usr/bin/ld: src.c:(.text+0x63): undefined reference to `pthread_join'
collect2: error: ld returned 1 exit status
make[1]: *** [CMakeFiles/cmTC_b2b8c.dir/build.make:87: cmTC_b2b8c] Error 1
make[1]: Leaving directory '/home/lbarbosa/Documents/Github/lstm-control-waam/cmt_ros/build/CMakeFiles/CMakeTmp'
make: *** [Makefile:121: cmTC_b2b8c/fast] Error 2


Source file was:
#include <pthread.h>

void* test_func(void* data)
{
  return data;
}

int main(void)
{
  pthread_t thread;
  pthread_create(&thread, NULL, test_func, NULL);
  pthread_detach(thread);
  pthread_join(thread, NULL);
  pthread_atfork(NULL, NULL, NULL);
  pthread_exit(NULL);

  return 0;
}

Determining if the function pthread_create exists in the pthreads failed with the following output:
Change Dir: /home/lbarbosa/Documents/Github/lstm-control-waam/cmt_ros/build/CMakeFiles/CMakeTmp

Run Build Command(s):/usr/bin/make cmTC_71710/fast && /usr/bin/make -f CMakeFiles/cmTC_71710.dir/build.make CMakeFiles/cmTC_71710.dir/build
make[1]: Entering directory '/home/lbarbosa/Documents/Github/lstm-control-waam/cmt_ros/build/CMakeFiles/CMakeTmp'
Building C object CMakeFiles/cmTC_71710.dir/CheckFunctionExists.c.o
/usr/bin/cc   -DCHECK_FUNCTION_EXISTS=pthread_create   -o CMakeFiles/cmTC_71710.dir/CheckFunctionExists.c.o   -c /usr/share/cmake-3.16/Modules/CheckFunctionExists.c
Linking C executable cmTC_71710
/usr/bin/cmake -E cmake_link_script CMakeFiles/cmTC_71710.dir/link.txt --verbose=1
/usr/bin/cc  -DCHECK_FUNCTION_EXISTS=pthread_create    -rdynamic CMakeFiles/cmTC_71710.dir/CheckFunctionExists.c.o  -o cmTC_71710  -lpthreads 
/usr/bin/ld: cannot find -lpthreads
collect2: error: ld returned 1 exit status
make[1]: *** [CMakeFiles/cmTC_71710.dir/build.make:87: cmTC_71710] Error 1
make[1]: Leaving directory '/home/lbarbosa/Documents/Github/lstm-control-waam/cmt_ros/build/CMakeFiles/CMakeTmp'
make: *** [Makefile:121: cmTC_71710/fast] Error 2



